<?xml version="1.0" encoding="UTF-8"?>
<robot generator="Robot 5.0 (Python 3.7.8 on win32)" generated="20241213 11:22:16.718" rpa="false" schemaversion="3">
<suite id="s1" name="Login" source="D:\PycharmProjects\HelloWorld\login\login.robot">
<test id="s1-t1" name="Search For Keywords On Baidu" line="11">
<kw name="Enter Baidu Homepage">
<kw name="Log" library="BuiltIn">
<arg>${URL}</arg>
<doc>Logs the given message with the given level.</doc>
<msg timestamp="20241213 11:22:16.939" level="INFO">https://www.baidu.com/</msg>
<status status="PASS" starttime="20241213 11:22:16.939" endtime="20241213 11:22:16.939"/>
</kw>
<kw name="Open Browser" library="SeleniumLibrary">
<arg>${URL}</arg>
<arg>edge</arg>
<doc>Opens a new browser instance to the optional ``url``.</doc>
<msg timestamp="20241213 11:22:16.939" level="INFO">Opening browser 'edge' to base url 'https://www.baidu.com/'.</msg>
<status status="PASS" starttime="20241213 11:22:16.939" endtime="20241213 11:22:21.528"/>
</kw>
<kw name="Get Location" library="SeleniumLibrary">
<var>${URL_VALUE}</var>
<doc>Returns the current browser window URL.</doc>
<msg timestamp="20241213 11:22:21.533" level="INFO">${URL_VALUE} = https://www.baidu.com/</msg>
<status status="PASS" starttime="20241213 11:22:21.528" endtime="20241213 11:22:21.533"/>
</kw>
<kw name="Should Be Equal" library="BuiltIn">
<arg>${URL_VALUE}</arg>
<arg>${URL}</arg>
<doc>Fails if the given objects are unequal.</doc>
<status status="PASS" starttime="20241213 11:22:21.533" endtime="20241213 11:22:21.535"/>
</kw>
<status status="PASS" starttime="20241213 11:22:16.939" endtime="20241213 11:22:21.535"/>
</kw>
<kw name="Baidu Search">
<arg>${SEARCH_KW}</arg>
<kw name="Input Text" library="SeleniumLibrary">
<arg>${SEARCH_BAR}</arg>
<arg>${SEARCH_TEXT}</arg>
<doc>Types the given ``text`` into the text field identified by ``locator``.</doc>
<msg timestamp="20241213 11:22:21.536" level="INFO">Typing text 'baidu' into text field '//*[@id="kw"]'.</msg>
<status status="PASS" starttime="20241213 11:22:21.535" endtime="20241213 11:22:21.632"/>
</kw>
<kw name="Click Button" library="SeleniumLibrary">
<arg>${BAIDU_BTN}</arg>
<doc>Clicks the button identified by ``locator``.</doc>
<msg timestamp="20241213 11:22:21.635" level="INFO">Clicking button '//*[@id="su"]'.</msg>
<status status="PASS" starttime="20241213 11:22:21.632" endtime="20241213 11:22:21.700"/>
</kw>
<kw name="Get Value" library="SeleniumLibrary">
<var>${BAR_VALUE}</var>
<arg>${SEARCH_BAR}</arg>
<doc>Returns the value attribute of the element identified by ``locator``.</doc>
<msg timestamp="20241213 11:22:21.722" level="INFO">${BAR_VALUE} = baidu</msg>
<status status="PASS" starttime="20241213 11:22:21.700" endtime="20241213 11:22:21.722"/>
</kw>
<kw name="Should Be Equal" library="BuiltIn">
<arg>${BAR_VALUE}</arg>
<arg>${SEARCH_TEXT}</arg>
<doc>Fails if the given objects are unequal.</doc>
<status status="PASS" starttime="20241213 11:22:21.722" endtime="20241213 11:22:21.723"/>
</kw>
<status status="PASS" starttime="20241213 11:22:21.535" endtime="20241213 11:22:21.723"/>
</kw>
<kw name="Sleep" library="BuiltIn">
<arg>5</arg>
<doc>Pauses the test executed for the given time.</doc>
<msg timestamp="20241213 11:22:26.730" level="INFO">Slept 5 seconds</msg>
<status status="PASS" starttime="20241213 11:22:21.723" endtime="20241213 11:22:26.730"/>
</kw>
<kw name="Go Back" library="SeleniumLibrary">
<doc>Simulates the user clicking the back button on their browser.</doc>
<status status="PASS" starttime="20241213 11:22:26.730" endtime="20241213 11:22:27.096"/>
</kw>
<kw name="Sleep" library="BuiltIn">
<arg>5</arg>
<doc>Pauses the test executed for the given time.</doc>
<msg timestamp="20241213 11:22:32.114" level="INFO">Slept 5 seconds</msg>
<status status="PASS" starttime="20241213 11:22:27.096" endtime="20241213 11:22:32.114"/>
</kw>
<kw name="Close Browser" library="SeleniumLibrary">
<doc>Closes the current browser.</doc>
<status status="PASS" starttime="20241213 11:22:32.114" endtime="20241213 11:22:34.305"/>
</kw>
<status status="PASS" starttime="20241213 11:22:16.939" endtime="20241213 11:22:34.305"/>
</test>
<status status="PASS" starttime="20241213 11:22:16.718" endtime="20241213 11:22:34.305"/>
</suite>
<statistics>
<total>
<stat pass="1" fail="0" skip="0">All Tests</stat>
</total>
<tag>
</tag>
<suite>
<stat pass="1" fail="0" skip="0" id="s1" name="Login">Login</stat>
</suite>
</statistics>
<errors>
</errors>
</robot>
