<?xml version="1.0" encoding="UTF-8"?>
<robot generator="Robot 5.0 (Python 3.7.8 on win32)" generated="20241218 17:37:53.238" rpa="false" schemaversion="3">
<suite id="s1" name="Baidu Post" source="D:\PycharmProjects\UpLoad\baidu_post.robot">
<test id="s1-t1" name="Upload File using multipart/form-data" line="10">
<kw name="Create Session" library="RequestsLibrary">
<arg>mysession</arg>
<arg>${host}</arg>
<doc>Create Session: create a HTTP session to a server</doc>
<msg timestamp="20241218 17:37:53.317" level="INFO">Creating Session using : alias=mysession, url=https://graph.baidu.com, headers={},                     cookies={}, auth=None, timeout=None, proxies=None, verify=False,                     debug=0 </msg>
<status status="PASS" starttime="20241218 17:37:53.317" endtime="20241218 17:37:53.317"/>
</kw>
<kw name="Evaluate" library="BuiltIn">
<var>${open_files}</var>
<arg>open(r"D://PycharmProjects//UpLoad//test.jpg","rb")</arg>
<doc>Evaluates the given expression in Python and returns the result.</doc>
<msg timestamp="20241218 17:37:53.317" level="INFO">${open_files} = &lt;_io.BufferedReader name='D://PycharmProjects//UpLoad//test.jpg'&gt;</msg>
<status status="PASS" starttime="20241218 17:37:53.317" endtime="20241218 17:37:53.317"/>
</kw>
<kw name="Create Dictionary" library="BuiltIn">
<var>${files}</var>
<arg>image=${open_files}</arg>
<doc>Creates and returns a dictionary based on the given ``items``.</doc>
<msg timestamp="20241218 17:37:53.317" level="INFO">${files} = {'image': &lt;_io.BufferedReader name='D://PycharmProjects//UpLoad//test.jpg'&gt;}</msg>
<status status="PASS" starttime="20241218 17:37:53.317" endtime="20241218 17:37:53.317"/>
</kw>
<kw name="Create Dictionary" library="BuiltIn">
<var>${data}</var>
<arg>tn=pc</arg>
<arg>from=pc</arg>
<arg>image_source=PC_UPLOAD_SEARCH_FILE</arg>
<arg>range={"page_from": "searchIndex"}</arg>
<arg>sdkParams={"data":"28fcbe1ddfdd50a418aaf6db6db9a69fe257f4b9172c7fa6660146df957e69ea8d03cac7f553d7d25263ee0b599be553293d109ed227b131d5caec144de240b78abb24796a49ff4752cc3b89edc1215f","key_id":"23","sign":"2f4cf5e0"}</arg>
<doc>Creates and returns a dictionary based on the given ``items``.</doc>
<msg timestamp="20241218 17:37:53.332" level="INFO">${data} = {'tn': 'pc', 'from': 'pc', 'image_source': 'PC_UPLOAD_SEARCH_FILE', 'range': '{"page_from": "searchIndex"}', 'sdkParams': '{"data":"28fcbe1ddfdd50a418aaf6db6db9a69fe257f4b9172c7fa6660146df957e69ea8d03...</msg>
<status status="PASS" starttime="20241218 17:37:53.317" endtime="20241218 17:37:53.332"/>
</kw>
<kw name="POST On Session" library="RequestsLibrary">
<var>${resp}</var>
<arg>mysession</arg>
<arg>${path}</arg>
<arg>files=${files}</arg>
<arg>data=${data}</arg>
<doc>Sends a POST request on a previously created HTTP Session.</doc>
<msg timestamp="20241218 17:37:54.448" level="INFO">POST Request : url=https://graph.baidu.com/upload 
 path_url=/upload 
 headers={'User-Agent': 'python-requests/2.31.0', 'Accept-Encoding': 'gzip, deflate', 'Accept': '*/*', 'Connection': 'keep-alive', 'Content-Length': '104954', 'Content-Type': 'multipart/form-data; boundary=7bfba95c3c448291ffec5c8da9450a9b'} 
 body=b'--7bfba95c3c448291ffec5c8da9450a9b\r\nContent-Disposition: form-data; name="tn"\r\n\r\npc\r\n--7bfba95c3c448291ffec5c8da9450a9b\r\nContent-Disposition: form-data; name="from"\r\n\r\npc\r\n--7bfba95c3c448291ffec5c8da9450a9b\r\nContent-Disposition: form-data; name="image_source"\r\n\r\nPC_UPLOAD_SEARCH_FILE\r\n--7bfba95c3c448291ffec5c8da9450a9b\r\nContent-Disposition: form-data; name="range"\r\n\r\n{"page_from": "searchIndex"}\r\n--7bfba95c3c448291ffec5c8da9450a9b\r\nContent-Disposition: form-data; name="sdkParams"\r\n\r\n{"data":"28fcbe1ddfdd50a418aaf6db6db9a69fe257f4b9172c7fa6660146df957e69ea8d03cac7f553d7d25263ee0b599be553293d109ed227b131d5caec144de240b78abb24796a49ff4752cc3b89edc1215f","key_id":"23","sign":"2f4cf5e0"}\r\n--7bfba95c3c448291ffec5c8da9450a9b\r\nContent-Disposition: form-data; name="image"; filename="test.jpg"\r\n\r\nRIFF\xac\x96\x01\x00WEBPVP8 \xa0\x96\x01\x00\xb0`\x05\x9d\x01*\xf4\x01&lt;\x04&gt;\xc9R\xa0K\xa7\xa4\xa3!\xaf\x96\xbd\x98\xf0\x19\tbla\xe6\\X"\x9c\x04\x18\xbe;\xdb\xfeQB\x07P\x13U\xd9xG\xee\x9f\xaa\xde\xd6\xa4\x97\x91|x\x8dN&lt;\xbd5\x9d?\xb4r\x00\xfd\x99\xec[\xfb\x13\xd5c\xcf\x9fN,s/Y\xeci\xef\x99\x7f\xc4\xff\x87\xe8\x13\xe7\x9f\xcb\x7f\xbb\xff/\xf9\x17\xe9\x9f\xe6\xbfc\xfe\xe3\xfc\x17\xfa?\xd9/\xdf\x0f\xbe_\xd82\x87\xf0\xdf\xe4\xf9\x9d\xf6\xcd\xfb\xff\xe3\xfd\xbd\xffc\xff\xa3\xfdO\x8c?+?\xe4\xffI\xfe\x97\xdc#\xf2\xff\xe9\xff\xb0_\xbf\xdf\x0f\xdf\x8d\xda\xd5\xbc\x7f\xc1\xfd\xc3\xf6\x0b\xf6\xf3\xef\x9f\xb5\x1e\xca?\x93\xe6\xdf\xf0?\xf0}\x80\xbc\xd4\xff\xdf\xe1y\xec&gt;\xc0\xbf\xae\x7fm}\xe1?\xdf\xf2\xd3\xfb7\xfc\xafa\xbf\xda\x1f\xfe\xdf\xeb\xfd\xbd\x7f\xff\xff\xff\xf8\xdb\xe9\x9eP2ps\xcc\xf5\x80\x87_\xf9\xe6\xe3J\xee\x92^F\x84Z\xc1\xdc\x0c&amp;\xab\x9a\xa3mZ^a\x14\xa9\x82\xe5t/C7\xc5\xf1`LkO\xb1@_7V,\xbd\xcdn\xbdk\xb3\x18\xe4\xfdQ\x98\xd7\xc3\x05\x91\xd5\x1d\xb0\xe4v\xd3\xb3EBW\x86\xed\xdcOR\x0c\xa2z\xa4skt\x8a\x9dg\x18\xc6J-6E\xf63\xe8\xc3\x03?|\x96)Q\xca\xfe|\x9d\xd9\x03\x88\xe3\x1d\xf8\xf0j\xb4\xd3\xbf\xa9`,\x87\xec\x87\x045\x82\x94S\x04\xa2\x03p\xd8\xa0\xdd\xe6\xafR\x17]\xc5\xbcSO@\x97X\x83\xd0\xc1\xd3\xfe&amp;m\x9f\x10]V\xf7v\xe8$\xf3\xb9\x99E7gf\xd5?\r+\x19\xb0#p\x83\xe0&gt;`3\xfb\xbd=\xfa\xaf\xd9\x12H\xf8.U&amp;\xd52\x12l\xa1Z\x1ae\xc83\xbb\xb8\x03\r\xf9\xea\xdd\xa9\xd8\xb2\xabMX\x90\x02"\xe6&gt;\xf2\xaf\xe8\xd0\xa5\xb7qW\xaf\x05\x96\x13`\xe1_\xfbv\\\xba\x01\xbb8fuQ\xf4 DZ\x17\xfe\xea\xf1U\x9a\xfdr\xf0\xfe\xe9;\xbb\x0bG-S[\xa4\\[\xc5s\xf2\xe2f[\xbd\xfc\x03G;\x82\xf6\xd8\x95\x7f#\xb5PH[5\xa1;\xf0\x0b\x92WA\x8c\xb41N\xecL\x85\xb2\x85I\xff\xe5\\\xef\x88\xa5\x19a\x8f\xf4\xc5*\x19\x87\xa6h\xa0\x18\xf5\xbb\x1fO\x1e\x1d\xdc\xee&amp;@\xf2n&gt;\x8f\xb7\xdcI\xd0sC\xb8_\xe7\xd6OeT\x1a,/3\xfb\xb5m(\x0feD\x1a\x85\xddr\xed*E\x96\xa7}Kv\xe25\x9d+Uz\x11uEB\x8f!\xbc\xe2\xa1\x0fb\x7f7\xfc\x0c\xd3\xa5\xbb,\xe7\x18zCv+\xfa\x03\x97I\x07\xa2K\xfc\xd1\xa7\x967\x13V\x07-\x8aTB\xef*\x04\xd6n\x19\xf2,\xcc\x13\'\x87c\x00\xa1\xa4\xbas\x13\xc1\xe1\xa6\xfemS\x86\x13i\xedi5\x1d\xdf\x1e&gt;#\xec\xa8\xf0\x1c\x80\x178\xb4\x86\xa0xLx\x12i&gt;\xee\xce\x19\x93\xbfB\xe5\xc39H\xe3W\xe9I\xe98\xae2\xfeq\xd5\x899z\x85\x90g\xd9\x9e8\xf5\x01\x848\x17`\xca}}\xa07\x7f.\xa2\x1e\xc4\xf3\x16\xdbuZ\'\x0c\xf4\xd2QC]\x02b\xe5\xd30L1]\xba\xa7Z\xc6g\xa3\xe0\xf3\x8c\x06\x90\x17\xd4\x00\xfb|\x13X\xcb\xe2x\xc1\xed\x94\xbd\xa1faUA\x92\x86Ov\x97\x0b\x02\x97\x1d\x0f1\xf1FO\xc6\x9c\x8d\xd9f\xc0\xad\xe1\xc6\x1a\xc1\xce\xf3\x13\x81\xf0\xa9\xe2\xc9\x0c\xc2S\x88\xe62\xedv?,\x034\x9f\xbe\x03W(Y\x93\xb9\xfc\xc0=s?u\xb7\x97s\xe3\xacw\xc1\xe4\xc5_\x04\xd5\xf5\xe2\x07\xa2\xffv\xf3\xf9\xa9\x16\x92\x10\x10\xa1\xb5\xe7\xa6\x1f\xdc"c6i\xb2R\x96.!\xc4\x93\xafVn\xbb\xd6\xec\x05\xeb\x00\xeb\x11M7\xee\x13\xc8\x07\xfdU\xf5\xac\xb6\xc1\xc4\xb2S\xc9\xc0v\x1f\xe9\'g\xac:\xbe\xe4B\xd8\x1e\x16.k\x94b\xfa\xdd5\t\xcb\xa3\x11J\xb9S\xc6\xf4\x97]\xc4\xce\x86K;[\nTRS\x86EY\xa2p\x95\xb6\xb1\xdc\r\x94\xeaq\xb9\xf5\x8bc\xf5h\xab\x19`s\xd1\x19\xfa\x83{T\xf8\x95#\xb7\x14-\xd4\te\x08\xed\xbd\xe0\xbb\x1f\xf3\xe0\xff\x16-\xe9R O8 .\xe6\xcd:\xb0\xfe\xb1\xd0\x11s,\x87\xd6\xa1\x9e\xa6y\xc9\xb0\xd9\x19\xb9\x8e\x94\x9a\xb5\xa2I&lt;\xa2\x187\x9fe\xf9\x18\xa8\xd9\xc1\x94l\\\xbd\x07\'%%\x02r\xbaP\x81\xa2\x17\xed\x87\xfa\xa9\x8f\xbd9p\x1c\xff\x9a\x87\x96@\xc3\xb7\xff\x9b\xde\x00\xc6\x06\x9dv\x16\xe6\xfc\xeb\xa4\t\n\xe8b\xd0\x83Q\x8d\xba\xa8\x00\x9e\xe7S\xc5\x13nP\xd3l\x1d\xe2\xa7$\x1b\xee\x12\x85\xaeg\xea\xe8&gt;\xeag}\xef\xe8\x13=V\xde\x9a\x92u1\'D\x1e\x1b\xb5]Q\xf0\xd7\x17\x0e\xc7M\xee\xf4\xa2:3\x1b\x1b_/\'\x1b.\x1a\xb0\xc5\xc2\xda\xfcjl\xb16l\x90M&gt;\x0b\xa9\x13\xa5\x94%6?~,\x85\x8d#\xfcs\xdb-u\x9bn\x1f\x8c\xed\xed\xd0GY\xff=\x99(8\xc4\x84\xe5\xea\xd2\x1cVX\x92xM\xc8#\xa4,\xfd\xcfQ\x1b\xb0\xa5\xb5\x16tz(g\x96y\xc4\xe8\xc2Qds\x83j\xabT\x9e\xf5\xeb\x03\xab\xedT\xec\xe0\xa5\xfe\xe4\x0e\xfc\xf3\x07_.\xcc\xa7\xbc\xa8\xdf\xa2\xef\x0c]\xa6ny\xbf\xc6\x11\xbf\x02Z\xd1\nc\xfa\xeb\xed\xbbb\x96\xa3j\x89\x85\xd4\x15,\xc7\xfc&gt;\x95\xf7\xe7\xb7\xdc\xce\x17\xa7\xa5J\x07v\xda^\x1d\xaf}\xc3\xbe\xa7\x82\xd7T\x99\xe5r\xd3s\xfb\xe2l\xfc\r\xff\x1f\xfd6\xbc\xcc\xbf)\xfc\x18=\xe7&amp;\xda7\x82\xeb\xde\x00\x0b\xc5\x06$\x0b\xf5\xb6\xb0D8K\x06\xa1H\xf0\xa2\xb5&lt;e_\xa4U\xbb]\xdf\x19\xfa\xdc\xd2f\xfa+1\x7f5)\xe6\xc1;\x01\xd0\xb7&gt;\xfbd\x1cV\xfb\x9e\xe1\x05\xd2&amp;d@\xf7\xdchV\xe1 \x88\xc4\x7f3\xe1;\xde\xae[\xf4\xa8\xe5\x84\xb1F\xbbv\xb9\xf16\x08u3\x11k\xbf\xe4\x82\xa4\xa2\xe2\xce\x8f\x03\x9dx\xf5)\x12\x0c\xfd\x9d6\xc5\xd9\xa1+\xff\xf2s\x11\x02\xedN\x15\xedX\xeb\xa3\x89\xcb\xdd\x16\xebg;C\xe5\xd5\xa2\xcb\xbbB\xfc{P\xf1\xd8;\xed\xfd\xfc\xdc,\xd7*\x12\x95\x18\xc0\xe9=\xb2\xa4\xc5\x9c\x96\x8c\xe6I\x87/\xd2h\x16t\xac\xeb\xab\xa6\xb6a\xa2\x85\x88\x04\'@eD\xc3\xb5U;\xabg\x83\x97\x08Nb\x88wyph#\xd2m\xf4\xc4\x96\xf3\xa2\x0b\xe2\xf6\xc3\xcb\xde\x92\x19\xab\xe0\xc4\xfb,\xcb\xc4g\xe0\xa6\xde\xfe\xe3*\r\xdc\xac|\xf7?\xf1\x1dx\xf1.,\xf9\x19N\xebg\xee\xb5\xd7\xd4\xa0\xb5Q\'\\\x9e\xfb\x13\xbe\xc4\x1cb\xb3\x8f-\x13~]\xc0\x9da6\xef8\xa2\xd3\xc2\xaf \xaa\xb1\xc8\xe0v$\x14\xd0d\xf7\x8c\xd4\xf2\xf8\x01QZ\xadZ[)\xa2+\xe5\x1f\x9e\xb6\xb6\xdcb\x949\x10 *6\x1c\xcf\xf5i\xdb]\xd1\xed\x07\x19\tjA- \xb0l\xd2\x8cuR\xfd\xbb\x80\x91\x0bsm\xe7\xf3\x96[\x0cg\x14\x1f\xa2\x08\xf4\xf7]\xc0.*C\x04\x0c\xc2\r\xf4\xfc\x14\x16c`\x96\x86\x95]\xeah=\xde\x7f\'g\xfb\xfe\xb5\x1ey\xc4t\xd4\xba\x88Ix\xb7\xca\x17u\xcdgJ\x8d\x93\x1es\xee\xa3\xc3=\n\xee z\xf62rm\x93\xca*\xb7\xf70\x8eb\xc1\x15H\xdawn\x82\x86"\xe8\x92\xdd;\xf6\x85\xddZ\xe1\xac\x87\xfe\x9a\x86\x1a\xb8a:?s\xce.c\x1f\xdbP\x0f\xbe\x05\xb7\xbe\xdc;\xbb\x19\xaf\xff\xc0[\x8e\xa7\xdaXOJ\xca^80@\xbe\xe8\x0bv-Dj\x15\x9a\xe8^D\xefA\xbfK\xa7\xda\xb0\xe4sx\xc4\xd5\xae\x03ub\xb3h\xeb\xb1z\xa5nU\xb8a\xac\xc4\xbeq9\x01=}~\x92L\xc2F"\xc7F[eJ\x83\xee\x9d\xb7\xc7T\xe5\xd7c\x96\xc1\x01\xbb\xa6\xdeEB\xe3\xbbm\xf3\x08\xab\xdev\xfd\xcf\xe6\x16\x0f\xda2\x82\xf7\xf5\xb8\xb42\x1a\xf1s\x11\tL$2Q\xc84w#S\xd6V\xb6\x87o\xd1]1\x1d\x07\x16,w)\xfe-\xe7VC]\x93\xa6D\xa3\xe6\xa0\x0e\xc3\xa9\x99\xaeO\x8d\xf4-\xa9\xcd6\xfd\xb4\x97\xd6\xdb\x83,,\x81xLl&gt;\xe8\xb1zv\xaa\x9b\xca4\xb6\xa6Zk)\r\xf7o\x1bR3^J\xb4\xfe\xect\xf3z\x97f\xa8\xbe\x07K\xbb\xf6\xb7\xc9?\x11\xbe\x0c\xef\x88\xa6\x025\xab\x99\xa7oH#\xc7lz--`\xca\xf0Gs\x82\xe2\xb9x\xa9\xaf\xf7Y5\xd5cF\xde\xf8\xe0${O\xf41h\xda\x1et\xb5\xff\xb7\x82_\xb9\x0f\xe3J\x89q#e\xe6p\x1f\xe2\xe2\xd2\xee\x18\xe8\xe8\xc1\x9c\x9b&amp;tvm\xcdD\x9b\xe8\xc2\x135\xa7p\x1d\xf6z\x8c*(\xe1\x14Oc\xb4\x95"\xf84\'E\xe3\x87\x1d\xd1\n\x96\xe8:\xa5*\x06\xa3\xc8\x85\x1c\x15\xa7U%m,\xd8\xb0\x19\xec\x14\x97\xac9Qf\x11\xd0\xc9\xf3\xd1i\x8e\x9d\x88WI\xf6\x8e\xb8\xaf\xe1\xfcC\xd5\xac\xd7\xab\xfe+\xf3&lt;\x1a\x9d^\xe7%\xb0\x11\xa8J\xad\xf1\xd8\xce\x17\x0b\x90\xac{\x82\xe5\xc2\xc3\xc4+\xa0\xfay\x86\xbaA\xbe\x1a\xf7\xde\xb4\xd0\xe2_&amp;\x07\x01|g\xbd\xcbT^\xa8\x84\'\xef\x13\xe5\xc4S\xc1\xd2\xc9\x93{(\x9edJ\xaa\xd5&amp;\xe26c\xa9\'\x1d\x0f\x0b\xb4U\xb6\xa3\xb8\xe40DHI1-\x0e\x02\xd1\xbb\xa4\x81t\xe38\xe3j\xa4\x15t\x1d\x15\xb4_eQ\x14\xa7\xc6\xbeU\xd2o\xd7\xfd\t\r \xfeP\x00zn5\xbd\x0e\xaa\x18N\xc1|\xd6\x14E\x93a\xfdY\xb1\x10\xb0k\x1eE\xfb\xfe\x86e\x08\xc7\xcf!\xab\x86\xf7\xa1S9|s\xa3\xfaA\xc3\xdev\x15\xff\xab\x17\xc1}\x9e\xc4M\x96w\x17R4J2!\xb1\xe5\xaf\xae\xb8jt\x16\x80\xe6\x85\xeenE\x13\xfc\xa2\xf2\x13\xf0\xde&gt;,*]$\x87\xb2\x1c\x9bX\xedLh\xb9\x96^j\xc6\x00\x06\x8a\x87]C\xdcY\xfd\'jV`\xce\'4\x08T\xb4\x11\x9a/n)_ne\xb2=\xf3/$\x8f\xfd\xa0&amp;~\x00\x94=-\xac\x14,\xb4\x92B\x1a\xd6k\tk\x93\xfcA\xe4\x82"\xbb&lt;\xd4\x89\xffj\x02r{\xca\x80\x1ak\xad\x14_}\x88\x19;\x8e\xed\xc2\xd2\xee\x022\x84\x86\x9eW\xb6\xe8\x1eK\x9c\neQ0\xe5j\xb8u\xb5\r\x9d/ \x0f1o\xe6y(\xa8\xbd\xfe\xabU0l\xbbf\x90\x01k\x0cU\xee$J\xb5\xf9p_\xca#e\x0f)\xa3\xd6HOP\xa6c\x94[g\x0c3\x98Y\x11\xf7\xce`\xbaQ51\xb2-5\x81\xcbZtj\x03j0\xbb\xfa\xeb\xba\xdcS\xf0\x80\xf7\xe9\n\x04\xd0\xef\x93*\x1bX\xb1\x1d\x07\xd7\xa2D\xf8]\x97\xbe\x12\xdc \xedh\x1d\n\xfey\xa2\xa8\xe0\x89O\xb0\x90\x81\xf5\x14%\xa2T\xc4\xc4\xe9`\xc7M-\xc0\xb9g\xda\x88\xae\x82\xb1\xfb\xb5\xac\xf7\x9d\x17|\xa8\xf4\x11y\xfe\xd5i[\xfe;\xfe\xe4\xf6\x05g\xab\xd7&gt;\xe2`\xc9\xa3=\xdf\x05\x07\x12\xfc\x17\xe8\xbf\xc3\xc6H\xcc\xfd\xcfQ\x99\t\xd6\xdc\xd8\xa5B`\xae\x0f[\r\xc7yY\xb8\xd1AP\x0ct7\xbardk\x95\x0b\x8d#u\xddw\xf1\x95G\x04h\x15\x95mh\xe8\xdc\xf2\x08\xb4\x9a!\xb8()QH\x1b\xe6\xd7\xac\xcfA\xee\x1e\xdf*\xe7\x9d\x90\xf0m\xa0\xa8\x12\xedi\x85\xdd^\xdc\xa1\x0b\x9c?*\xab*\xa7\xa4\x89(\x08\xe3Q\n3\xb4\x9e\xa7\xdc\xf5\xf1\xac\xb8\x01\xc8\xdfE\xc0FzV\x1f\xa1j\xe0i\x03&lt;\x0cY\xce\xe6\x81c#\xb4\xb37&amp;\\\x8c\x1e.\xaf\xf5\xdf\xf3\x1ac.lA\xe31z\xfa\x01\xf0\x9d\x1d\xfa\x93\n5\x06\x89\xeeU\x8e\xc7\x01k\x14\\s\x1d\xc3\xc8\xff\x9a\xd0\x9f\xd0\xae\x11\xca\x02\xbc\xd5\x9fv\xd5\xb6\xf8\xb6\xf2\xf7\x96X\x1eF\x0bn._z\xe7\xec-\xa3\x1c\xdc\x08[\xb5_\xa0\xb2O\\\xa7?\xc9 \x9eX\xc7\x85\x88\x8etL\x0b\xcexK\x0f\xd9&lt;\xffCD\x82\xdaT\x00\x92Mv\xbb\\\xb4A\xe6;\xdaaT\xed\x96\xc0TZ\x90\xb3\x8d7\xffh\x9co\x1eQ\xf6\xb1\xd5\xe0\xa4 \xbf0\x07\xee\xce\x98\xcb\x9aL-1\x13\x1a\x1c\xb1^\x94\xb1\xb1\xe9{*\xec[\x01\x97\x0c\x01\xf7\x8d\xcf\xb6\xe7\x8aMHMe\x7f1\xa1\x077\x8dF}\xd2%\xbaqAJ}{\xabE\xae\xe9\x84-\xa7\xf3\xa4F\xb8l\xca\xcb\xee\x83\xab\'\xe9\xe1!\x96\xadK\xe0x\x18v\xcf\x18\x80\x7f\x96\xf9&lt;Nz\x84\xff\xc9^\xb6\xd0\xf9\xdc\xb8\x1e\xba"\xd5\xcf\x96\xd1C\x0c\xcfk\xe3\xec\x8fE\x8c6pGu\x1c\xb8*\xc0\xea}5\xcei\xe3\xf1\xc3r\x8a\xd6c\xdf`\xd5\xb2\xc9\xa0\x88\xc9\xd1C\x08^\xf1\xc1\xf1h\xf6H\x9b\x90%\xa7Ac\xae\x0bB}_\xeb\x86\x8e\xe5yd\x97\x04\xd8~Z\xf2\xe9\xab\xd9v\xf2\x988\x05\xc8\xb3n\xf4\xa6u\xbeu\xa8TX)\xb4\xe0\xd5h\x98\x036\x87j\xc7\xf8\xc3\x96 \x81\xb6\x03\x8f\x15\x04\xafp\xa0v\xeb&amp;\xcf\xbbhQ\xf2\xb2\xc2\xe7\x10@\x9a+\xc6z\xb6=\xa4\x9fJ\x1c&lt;\xbd\x87\xaf\xdbU\x99\xeb\xb5\xb0Y\xdcH\x9f\xbdL\xc8\xa1_^..\x1d\xe3\xc3`\x80hW\xd9\x18a\xf4;\xe0\x97\x8e&lt;-D%\xa2\x8c\xc0\xa0,\xe5\x99\x89\xd2\xaa\x82\xb2O\xad\xa8\xa6D\xe5\x02t\xc1\xe5\n}fYx V\xbek\xef\x10,v4\xe7\x81\x92\xf1\xbc;\x9f\x04D\x9f\nC\xd4r\xafR\xd4M\x8fp\x90\xb1\xd5\xb7\x1f\xfcDc\x96o\xa0\xd7\xdf\xf3\x1a\xe8\x9d\xea\xef\xb6Ba\x9e1p\x08(\x0bQ(&lt;+\xb6v}\x0c\x1d\xb2J\x13?\x11\x1f\xf6\xc5\x18r\xac\x8c\xbe7\xa5S\xfd\x05N\xbf\xb0\xd6)\xc7p8\x81X\xbd\xf8\xb9jH\x122\x8c\x8b\'\xea=\xc3&amp;(\x10;\xb6p\xedP\xb1&amp;t\xfe\x1a\xd1\x906s&gt;7\xb0\xf9\xd2\x9d;\xe3I}\x02x\x0f&amp;=\ni&gt;,\xbfe\x85\xf2U\x11\x88-\xbe\x10m\x0b\x00\xb5\x85\xd1\x9d\xd1u\xe1\xec\xcahw8\x1d\x93g\x14j\x0f\x1a\xd2k\xee\x0cE\xf6\x8cI\x95-D5!\xf1\x1cO~1F\xc2\xa6T\x10\xa5n\x99\x94q+\xcbk\xb9D\xf6\x189\xd6\x01\xbd\x10\x08Y\xd3\xe4\x8b\xb3A\xbf\xa1\r\x90\xf0\xf1&amp;NB1r\xf4\x0c\xdew\xac\xd2\xbc\xd1\xf1\x04\xf9-\x1d\xa5\x88p\x97\r\x81\xe1\x1e\x93\xbe\xdb\xaf\xf4\xfa\':g\x9bB\n\xd1_\xaa\xac\xa7\x1a\xf8\x0f\xd3\xc5RPG\xbf\xeb\xaf/\xfeBI\xcb\xb9=\x80I\x1agb\x8c\xdbH\xa5\x14fN\x1b\xe7LEZW\xe3w;2\xd0\x9b%\xccz\xf4\x1d\xea\xcc~\xaa\x8d\xd7\x94w&lt;\xdd\xeb\xe3\xf76:\xd23\xd2\xfb\xfb=\xe1\xdc\xdc;@\x80\xfa\xceT\xbf"\x8e\xe5\xf0IL\xd7\xef\xa6\x16w\xc7\x16Q\xff\xa3\x91z:W\x81t5\x90\x02\xaby\xd0\xb32{\x88Ci\x8bI\x97|\xe0\xae\xe3AIR\xf0\xe0&gt;B\x9f?7\x94\xf1\x18\xc0%_-A\x06\xac/\x85Y\t~\x03:J\x88\xc2v\xc7\x16{\x18H\xd8\x88\xf7\xb2\x141\x8a +\x9e\xdd&lt;\xabgY\xf7\x92\x1c\xfaZ\xddJ\x89\xf34O\xac\x1bp\x16O\xa8Z\x0c?a\x87\xc1\x9eLu*\xe0\xa31\xc3\xb3\xe4&lt;\xe9\xb5\xdf%\x84\xadi\x81x\x87.Q3\xect \x1b0l_\xac\xd7\x86\xcb0\x7f*\x00^\xfd\x1f\xb3\x1b\xa0kf\xf9Z\xd1\xfch\xbd\xfe\x14\xcf\xf6*\x8a\x9c\x19a\xd1\xdf kK\xe1\xa3_\xff4T\x8c\xc0\x10\x18\xa4 \xa2\x91\xa0\xc8L\x97\x97,`\xcfxZT\x18\xba\xf86O\xa1\xfb\xa4q\xc9\xcf\x90\x02\xfc0\x9eU%\x0f|G$u(\x93\x99\x7fZ\x988\x0c\xff!\xe2\xd75e\x9d\xd5/\xa1\x03b\x98b\xf9$A&lt;\x7f^\x07\x8e\xc7\xb4\xa0\xa1\xce\xd6\xdf\x85J\x9cW\x1d\xd3Gf\xb9\xe9X\xf0\xa7=6+N\x1fI\t\xe7\xe7\xdf\xff\x7f\x19w\xc2\x01\x1b\xb1&lt;\xc6\xf5\x1f\xbc\x1c\x12\x06\xdfiO\x14E\xb9aU\xf7M\xd2cP\xe8\xce\x8f4xX&lt;\x9fB\xa0k\xcc\xed\x99M\x15\x9f\xa7\xc5\xd0`\x97\x87\xe6c\x94\xd1\x06\x05\xd2\x9e\x96\x8c\xe2\x8d\'9\x02X\x8b8\xa90\x91,\xef\xb2\xfd\xd6\xfd\xb6`\xd1\x87\n\'9\xe6\xd6\x19\xa5F\xfbA\x9dn\x84H/u\xe0\x97TW\x97\xcc\xd9\xb0w&lt;s\x85\xfe\x8d5\xb3\x08\x0b\xf4\x94\xf86\xfe\xe1\x17g0\xfe\x84,\xa0\xe5\xcdK\xfd\x1b\xe8G\x9c\x84\xa1\xfb\x90&gt;S\xb6\'\x8d\x13\r\xcat\xfed\x88\xee\xd4\xc5\x16Pn\x8cX\x80\xea\xaf\xbc`\x88\x1c\xad\xd0\x95\xc3\xb3\xe4\xcc]cC\xb1P\xb1\xc4\xd9\xcdi\x07\xbeX\xa9\x1f\xe8\xe5\xcc\xb8F\xa8K\xab\xfb\x0bSp\x7f\xabbC-\xfe\x80\xfc\xbcr\x0c\xd2\x0c\x84\xab\xd9\xbc\x9c\x0f\n\x13r\x86G\xf3\x13\xcfZy;n\xccG\x13\xa9\xec\xb18~b(k\x942P\x9d\xbao\\\x92\x0fI\xd4\x06:\xe2q\xe7\x1b\x17\xd2\xa1VXu\xd5\x12`\x81\xe3\x80\x14\xd4\x11\x13\x88\x00\xf1d\xa9DO0\xcfI\xb4\xb2\xe6;B\xec)\x95Qo\xa8\xcf\x1d]\xc4\xd0\x92G \xc1\x7f\x02\x7f]\xcaO\x89\xe0\xb6\x1a^\xe7\x1aZ\x8f8\x0f\xfch\x14m\xf6\x1f&gt;`\xab\xdc\xe6\xef/\xd4\x1fY\xea\xbe\xac\xc7\xc0\x1c\x17p\x91u\xa1|Z\x8e\xb4^\x08\xbe!\xa9\r\x85\x0f\xa6\xa0QR\xces\x12\x96p\xf5\x9b\xac\xad\xbf\x813\xa1\xce%\xd4Q\xfa|g\xeb\x9b\xc8\xae4\x94\xc4\xc6\x11\xd2\x1b\xfe\xb6\xe7\n#\xfc\x84]3\xec\xf3F\x9f\xac!m\xb7&gt;\xdf\xb3\x05\xc2p\xf9\x8b.\xd1\xdd\x12A\xbf\xda\x02_\xc3\xe63w\x03\x1b\x97Rf\xce\'\xad!\xa5|\xa9\x1e\xfd\xde\xc4\xb7\xb4CF\x0b_\xe8\xe7\xc8\xfd*"\xd4\x9a\xd4\x95\xe8\xa5\x1b\xbc\x9d8\xa0\xbe\xff\x1c\xa3\x10\x1f\x85\xf2`\x83\xaf\xaf\x02\x0f\xe0zg\xe2FW\xb7*m\xe4\xb9R\xdfF\xda\x04%:\xdd\xf5E6f\xe3.\xaf\x85q\x93\xc6\x18O\xb3P\xcd\xee\xf0\xe5\xe9\xb3\x00\xc2D\xd1\xc7\x90\xf8\xf7y\x03\xddlG\x18H\x95\x14m\x90\xd5:E\xd3:M\xe5q\xd4\xe8\xfds\x96z2+\xe9\x96I\xbaw\xeeb\xa4w\xa4\xa9\xa9\x9b\x82t\x1c\x0f\x18X\x1a\xc7\xed&gt;\xd5dD\x05G\x8d\xad\xcc\xc3\x10Xw\xdbz\xdf\x17\x80_\xff\xf2i\xcc\xff\xf0\xddPh\xbc\xc8\x11\x03\xf5T\x17 \x0c.\x8e`\xecV\xfc\x14\x98\xb5\x99\x9d\x9b\xf9S\xd4^G\x99E\x99\xdd\xbf~)\xc0\xb4}T5\x82\xa4\x18\xc5\xda\xd3\xd1d\xef\xdfsW\x1c\x90T\xf9\xb6h\x86\x1b\xe4\x95\xfc\xb4-\x10\xd7\xf8J\xae\'\x12\xa8\xfe\x1a\\\xe1\xccA\x0e\xac\xae3\x8dL\xbe\xad\xe6T\x1c\x86\xfa\xc8*i4R\xb7l\xf5_}\x88A,\xc2\xa9Z\x03\xf4\xf3_ce-\xc8\xb5\xba,T\x12\x99e\xa3) @1)\xbeB\xb5\xb9\xfd2W\x8d\xfaD\x07\x89\xa4\xac\x1b\xd5\x88\xfd.\xcd\xb9\r\xfc\xee\x807\x8e\x0b\xf3\x9c+\xc8\x7f\x19\x18\xf9\xfe\xb4ig\xeb&amp;1\xb3=f\xbe`\x90\x83\x14\xdf@i&amp;\x99\xc5\xee\xabcD\xe0\xb8\xfb\xd1\x14:\xdb\x8e\xa7\xaf\xf2\xaa\xf3\xbe\xd1~\x9b\xda\xd6@zS\x14-\x86\xad?\x94\x8c\x88@11RK%\x99\xc4G\xdc\x81\x95:\x01\xfd\x81\xf4U\x9bb!\x9br\xf0\xb9`\xe0\x12\xed\x96B6\x9c&lt;\xcf\xf6\xcaz\xc7\nJ\xbf\xe4\xc2\xa5\xd8\r\x9d\x1a\r\xf6E\x90=\x0fx\xe8\xbe\xa6s\x0f%\xa3!\x9c\x1f\xde\x1f\x19\xb4\xee\xe9\x17\xd4*\xe7\xd2\x99\xef\xd9v\xd4\xa8\x98\xa8E)q\x97\x80\xe0Dp\x8b\x1b2\xc6\x01g\xb6\xea\xfb\x11\x9f\xaa\xd3\xdeb\xe0\xc3\xd6\xd9\xc7\x1d\x03h\xb9\x1b\x04\x7f\xb2\x11\xb9u\xfb\x01e\x0e\xc3jq\xd1\x83\xa6\xe1\xbc~\xa6\x97\x9a5\x8eZ\x86\xb6\xea\x07\xc15\xd3\xbd\x8fE\x92\x1b\xcc\xfb\x1d\xf9\x18v5\xa5\x07\xca\xb2\xb5\x1aD\xdb\xcb_I\xe5\xbblq\x1a/\xb7"\x16j\xacCU\x13o"\x16\x87\x8dw\xd9\x82\xfeZ\xd3\xeaZL\x88\xe5u&lt;\x9fV\xc5\xfb\x05\t\x8a\x87\xbeqWP\xb0\xba\xa3Yo"v\xd7V/I@\x8b\x85\xdf3\xa8\x14e&gt;K\x08\x95\x81\ra3[bJ\xab\xdf\xe9&amp;\xf8\xf8\xaf\xf5\xe6\xfa\xaf\xe3\xc7\xe4\x08\x1c\x18#T\xb4B\x9b\x11k\x8f\x92\xd7\x90\x06\x99\xccY\x9dK\xd5=C\xb9\xb7\xc8\xe4"\x81\xe2\xe3\xceL\x06\xe9\x14];\xcf\xcc\x97\x87&gt;\x1a-\x8da.\x06R\xeb\xd6\x19J\x15\'Mwh\xb5\xb4\x93g3\xc0I\xd1\xf8\x89x@+58\x9bY\x9eM\xe1\xe2t\xf0\x1a\xb6%\xba\xd9\x9eK\xb5\x8ec&lt;[\x81!\x0b+\xc3T\x19@\xa0O\xdb\'\xff\xe8M\x88\xf3\xa9\'\x16\xc3\x0b\xfe\xefd\xf2,\x1b\xd2)\x8a\xe7e\xae@\x98\x9d}\xfc\x8e\x8f\x0cX|[a\xaf(m.F\xa8\x11\xbbTr\x81\x0c\xde\xc8\x12~\xe7\xd3\x80\x03\x8d\xd4\x08\xa9p\r\xef&gt;\x82mf\t\x9b\x8b[\xb1\x9b!q"\x02\xbb\xca\r\xfb\x13D v\xf1\x11v|Z\xdf\xa8Q\x88G\xa8R\xf9\x1a[\x1a+\xc4\x9a,\x19P\xa8\x883\x80o\xd80&amp;\\\x93ak\xc4O\x12\x92\xb4hmf\x8e\x17\x12\xa3X\xb8\x05v\xdbE\xadj\xf5\xb0\'\xf1Ll\x0e\x83\xf2\xcc\xeey\\\x9aij\xca}O\x84\xff\xa9"9\xb8_J#2\xe7\x92Qk\x12x\x8a8\x95\x83\x82*\x05{\xa7i!\xe5\xb3\xee*\xad4I\xc1\xeb\xa8c@x\x10\xf4Frr:\xd1yB\x17\xde\x98&gt;\xa0\\un\x91\x9b"Y%/\xa0Y\x04U\xb1\x81\xc9F\xdb0\x8aV\xd8-\x93\xc6\xce\xf11V\x05\xd4b\x1c\x05\x9b7{!0\x9d\xd7\xf0\x97-#89@\xd9.D\x91\xfe\xca\xf2\xc6\xdb\x81H\x80\xce\x15|m\xe2R;Z\x96\xb7\xf5{\x8f\xa6\x0em\x0e(\xda^\xef\xfc\xcep\x8d\x92\xf4\xc0\x13\x17\x032N\xf56\r\xc2\x83z\xda\xea\xef\xc9\x9e\xa5r;\xba{\xfc\xb3\xb6\x1a\xdd\x1b\xfc*kh\xf3\xb3\xeb*\xd0\xd7\x99\x9bZ\x18\x04y\x91oh\x13s\xb1\x12\xf2V\x82\xe2\xb6\x82\x85)\xd6{\xad\xc9\\\x06?8\xa6W\xf0\x01\xa1\xa8\xb9\x8b0\x808m\x9aR\x86&gt;\x00x{\xdd\t\xd3\xf1\xf9\x06\xb9\x14\xa0\xe7\x99\xc6\xa1\xa1\x8c\x0f\xb2\xf2\xec\x99]\x94\xb6=r\xda\xfa\x93\xbcwtQ\xa2\xee\xee\x91 \xb2\xc2\xe6F1Q\x18\x12\xa3\xec\x8cl\xb0\xc4\xa7\xb9\xe2\xcd,\x156\xdc"k\xf6!\x946\xae"\xf6\xdc\x03\x15\x89\xcf}\x05\xf2\xd7\xdb\xdf\xb2\xaf\xcd\xc6+\xc3\x9dOA\x11\x82\x9d\xa6\xbb\x9c5\xc2\xac=u\xfc\xd9\xf4\xac\xc1\x96\xf3\x8a\r\xc8\xa4\x02p\xdb\xa5\xe4I\xd4\x02\xca+\xfa\x00E\xe6\x91\xed&amp;\x9bY\xd5G\x16\xef\xbe\x91\xe7V./\x97\xfan\x05\xe8\xc5\xff0\x16\xe5=\xec\xc9\x86\xc2\x11N~\xd7;7\xd7\'\x87j\xec\x0f5\xa0\xa1r\xe1\xd5\x1c\xc8\x9b\xe5:w\xb6\xe6c\x15\xb1\xfe\xb4\x86\xdbp\xe6d\xefJ)\xfa\xd3A~\xf5\xdb5\x12\x03k\xa5!qv\x88/g\xf2T\x05\xf6\xaca\xeaC\xd1t\x15\xfe\xa9&lt;\xe8\x90\xf01\xf5\x8f\x8c\x91x\xb1^\x92\xd4\xf2_r\xe3D\xbc\xd1 \x8b\x1d#$\x0f7k](\xe8\\\x9e\x89\xd3\x1b\xc4\xe9\'\x87\xfaJw\xa0m\xfd\xb8\x03/!\xc8\x10\x05U\x97C\xed\x05\xa6\x03\xc5\x19\r\x139y!\x02\r\xaf\xde\x8c\xff\xec\xa5\xd7\x99\xee\xc3o\xe2B\x0ccu\xe8G\xd0\xe5\xa1\xb7h\xa4\xb6*\x9b.\xdd\xc8\x0eW\xa10y8\xc2kXO9\tE)\xde\xf5m*\xdf\x10\x04\xd4o\xc8\xa5O\xcb\x02\x81M\xd6B\xe4\xa3_\xf0=\xd4\x8a\x05\x04\x8a\x9b0a\x87\xd0X_\x8e:&lt;C\xf3\xc5\x1c\xee\xfb\x0b#R\xd5\xdb\x03\xfe\xf6\xb6\x1c\xc4\x04\x11\xa2Y\xed\x1a{\x0f\xfb\x99q\xbaS\x04\xeee{\xfa#^\x89p\x84\xcczv\x7f\x9b(\xa3K\x0c\xdf\xf8\x93\x1f\xf8\x8bW\x11\xc0C\xd0\xa8Ks;\xf3\xd6p\xbaod\x86a\xb0{\xe1\x82\xbdnI\t\xee;\xea\xde\x08.\x14\xe7\x950zp\xc5\xb8K\xd0zuT\x01\xa3Y\xfd\xd3\xe8\x9f\\\x9a\xb6\xb6\x88\xael\xba\xf9\xbb\x82\xa6\x0f\xc6 \xbb\x90\x0e0\xff\xf4\xb3\xa1\xc4\xc4\xb8p\xc3D\xc3\x16\xcdN\xb4\xd4\xd5\x83}\xb3\xf1\x1a7+2e\xc7\xd4\x15u\xa1]\xd8;z\xda\xbc\x91Aj\x15\x83\x99_w\x05\xf8 &amp;\xb7@\x8f1^\xa5\xb5\xd2\xb8\xc9\xb6\xb6P!\xc5\xec\x0c\xad\xd2\xbap\x13R\xefp\x08\xd1\xae\x82\\Q\x0c\xad\xd0k\x8b\xb2\xcd\xd0\xe3\xc0\xd98\xf7\x16\xd1\xb1&gt;\xbe+x\r6\x00\xdd\xf2\xd9V\x8e\xb0h?\xcd(\xc6\xf67\x11\xa3\xb2\'&amp;\xf2\xa2\x82\xac3\xbcY\x9f\x88\x18n\xd9\xbdV[Rcl\x0e8\xc9\x9eC\xa5\x9f\':\x15\xf2\x9e\x9e\xd8h\x02\x9b\x99{\xa1s+\xdbt\xa1u\xd3\xd8\x1b\x1a\x18\xb0\xdfp\x94\xe7uwR\xa4\xa9=\x9c\x88\xfe\x0f\x19h+\xdb\xc6\xc3BK\xe7\xc3t\xf6@\x04\xa5\xc9l\xa0}\rqw\x0b\xabe\x1dr\x88\x16\xde\xf3\xfcq \x83a\x9c\xc8\xc7\xc3\xf2\xc7\x05\xd2\xf1\x03\xcc1=\x94\xedFnh&amp;XLZ\x0en,\x99!\xb3\x91\xdb\xf5}f\xfe_\x92\x8c\x04\xa7\xca"\x1fc\xf0\x03\xd9p\xb51\x17ld\xea\xc7\xd6\x03\xf3\x9d\xef\x9ba\x0fiB8+2B;5/@\x00y]&amp;\xaao^S\x07\x9bl(jP\xfe\xed\x0b&gt;\xef\xcaZx\xe3t\xc3hM\xd5\xf1bW\xd9\xeb\xac\x83\xbc}\r\xe9\xcb\xb4\xaeC\x064QCJyN\x9b\x83)u\xa1~s\x83k\xbd;y\x926!2\x85\'\xc8/\xc1\xccE{`\xf0\xe6m\x80\x82\xf3*\xf3T\x94l*-bQ\xb6k\x92\x12\xc2\x9b\xb6S\xc9\xf8\x99\x8c\x19\x8d\xe0\xd0\xe1f7\xe8aA\xb2\xfe\x87\x9a&lt;\xad\x00I\x02P\x916&lt;M@At\xc5V\x9fK\x87\x8d\xfb\x81\xc3\x0f\xa1w|\xd8\x00\x0ep}\xe2\xc8\xcd5M\xf7\x93y\x9a6\x90\xc7B\xfdB\xfa\x92\xa0\xdfN\xf2\xffCy\xfaTK\xbd$0\x94\x83\xb7\x01\x14\xc5\x87\xa72\xe7?\x1f\x8f\xf8g\xc2o\x86\xf4\x98\x05x&gt;V\xda\xbe\xb1\xab\x8d\xa99W\xc1\xa2\xc4\x80\x15su\x1a\xc56\x97\x8b4\x88:\xfb5+\xb29\x1d;V\x13\x8f\xf0"\x06C\xac\xe1\xae\xebb\x85L\xc5\xa9\xd6y,~\x1c\x9dOO}q\xd7\xe0W\x11Yi:\xd6h\x95\xdfv+r6\x04Ju\xfa`\xea\xf7\xff\x10\x8aJ\x0b\xd0\x8f\xe6\xb5\x9e\x11\t\x9fR\xb8\x0c\xc1L\xaf\x81\x12O,\xc0\x14\xa6\x87d\x91\xec\x95\xfeu"\xa2\xa2*\x17w\x93\xfeSS:\xef\x1c\xce\xaa\x8b\xda\'\xce\xf6\x97\xd8y\xc0\x91R\x13\x89p\x11\xab\xabs^\x13\xf2\x9a\xba\xf2?^)\x97n\xf8\x1dh\xcb6\xd4\x97=$D\xdd\xeeoJ8\x871\x0f\x88&lt;"\x8c\x822\\\xc9\xae/]"&gt;\xb1\xd64\xafQ~\xcc\x9eMDV\xf4\xc4\x8f\xb5\xac)\xec\n28\x9b.:\xaf*\x19\x93\x0e\xbd\xdc\xaa\xc4\xe9\x9by\x1a&lt;o\x97\xc1&lt;d2#\xdf\xd1\xeeo\xcc\xed~\xf7Kj\xf0\xfa\n=\x96\xa8\xcc\xaf\x82\xc4\xbdEZ\x17\x9f\x1e\x0eBJ\x8az\xa6\x8d@#e\x99}s@\x17N\x00\xa5\xb7S\xf7(\xeb\x0b\xc2f\x8e\xd1\xff$\x0b\xcc&lt;N\xfd\x07\xd4C\xb4\xbdd,\xfd\x7f\xf9\x8e:\xc454\xd5\xa82\x9d\x8b\x7f\xde\xfd\xd9&lt;\xcb~V_\x80\xb2e\xce#gk\xda\r\xd7d$\xc1\x1d\xd98v\x0e\xd5\xcaK\x16\x9c\x9d\xa6\xf4\xa1!\x1b \xef(n\xae\x93p\xc78\xeb\t0\x91\x01I\x98C\xdd\xd2\x19&lt;\xe4N.Y\xd9o\xbd({\xf7\x1e\xe5\xa0\xac\xc0\xff\xe1\xf2\xf7co6\xcfHEZ\xf1\xc4\xfd\x88\xe2\n\x17\x92w7e\xb9&gt;e\x96\xa3 \x8c\x13\x0f3\xf7O\x98\xd8\xa1\xda\xc3\rW\xbe\xd9#\xe0\xd7K\xe09\xe5\xb5\xbd--\xbb\x97\xc3\nJK\xddQ*\n\x96\x96+\xda\xd3\xe5\xe8?\xa1p\xc4N\xfb\x0c\xdew}\x83\xd18"\xfc0\xa9)\xf4\xeb\xe5\xdf\xab1dg:hR4H\xf4\xef\xc7\xc3\xd5E\xe7\x0fA\x86D/\xcfbKZEYbn\x94\xba\x9da\xb9\xd6\xf0\xe5\xf7A\xb0}\x1e\x0c\x93\xe8s\xa6\xef\xda\xe4\x97\xd1\x0c\xb1K#\xedeX\xdf]\x88z}\xa8\t\x82y\x13\xd0\xe3\xaf\xa4\xd5/\xe1\xdcd\x07\xa6\xcf}\xb7\xc4aM\\\xb8\xeb\xb4U\xfe\x16H\xe9\x13\rp\x15\xfb\xc17\xd8\xf0\xa0\x06a\x8aD2\x19\xf6V\x07`M9\xec\xb5\xea\xb1KkF\x91\xb9\xbcq\xff5\xd2\xcc\xe1\x89\x0e4\x18\xb7M\x1c\x0e\xfc\xe0\xee9[zw\xfcfp\xade&gt;\xf2VC\xefzX\x93\x055x\xe5\xb3:,[\x9e\x8f\xf372]\x90\xfd\xdf-\xfe\x832\xee\xdbF\xf9\x08\xe8\xff\x8f\xab\'\xc2\xff\xa8\x16!\xa0\x82\xc3\xb6&amp;S}\x96\xe3\x8a}\x10\xc2@\xd5\x1d\xfa$\x9b\x03KF\x8eDb\xe8\xb8!\x9b\xafq\xa9\xc0(\xe0&lt;a\x8e\xb3\x8bT\x8f\xc0\x93D\xd5A\xbb\xa9\xd6\xca\x0eC\xf6\xea\x9c\xc9\xdfp\xb7g\x94\xda\xc9F\xb9=\xda*\x1f\xbf~\xe1\xa2\xfa]\xc1\x0e\x02C\xa7\x90\xdc\xba\x12Z~\x89\xc8r\xe3C}\x8e\xaf\xe5\x8bD\xf4\x96\x15\xa1\x9aY\x9d\'r9\x7f#\xf4\x92\xdfi\r\xc8W\xe7\xaa\xa7+\x8f\xc5\xba\xf9\xef\xcd\x8dr0\xe6E\x93o,\x03\xf5\xad6\xc1/\x9c\xcc\t\xa8\xc1\xeb\xe9\x02Ri\xc5\'P\xc8i;\xebma\x11\xffh\x92)\xdb\xe3\x02\xc2\xda\x95\xf2\xe4\xec\x9e\t*%\x1eh\x84\xdb\x88\xd5\x91\x8d&lt;a\x1d\xaf\xa3\xe9c\x93g\x87h\xe0\xd1!\x18M\xfb\xb7\xc6\xda4\xe7\xa3Q\xab\xbb\xa5\x02 %\xa8\xc3o\x0e\xd6\x8c\xe3\xe6\xb8}\xd4\xcc]\x99\x802Q\xe4r\xdd!\t\x92uP\x1e\xd9\xd4\xfc2\x17\x94 U\xbc\x17\x93\x03\x12\xaf\x1a\xc7\x1c\x912T\xe0\x00\x0f\xf1#\xe9\xd4j\xe2\xbf\xe5j\xf9-\x8d$\xdd\x98\xec\xf3!\x98Ym b?`\xbd`\xec\xea\x88DD&amp;\xd1wx\x14O\xc3\xf7\xfd\x0b\xf0\xa4\xff\xd1"\x00\x08\x9e:\xbb\x11;\xb0\x07mM\x1e\xb6T\x16\xf9\xd4\x940\x033#\xe2 G\xaa\xfe\x9c\xb3?\xcc\x84:\xd3\xc0=\xbf\x0cc\xd1\xda\xddj*w\nK\x8f~\x9a^\x1c$\xa6\xe5\'\xee\xb9\xfaM\xe2\x9a\xfenX\xd3\x07&amp;\x91\xddp\x0bD\x96\xf8d\r\x9c\x1c\xedis\xb8\xea\xf4\x05\x1f\xdb\xeb%\xf8Zw\xdf\xe8&amp;\xd9z\xe1\xe9\xefT\x19\x8f\xb0L\xf3d8\x99D`\x95\x8e\xfeD &gt;\xcf\xaa\x9fk\x82\xe3\x0e\xee\x97\x19\xa2\xa8dh\xdf\xab\xaa\xc7\x9d\n\x91K\x99\xe2b\xdf\xff\'\x88\x80\x11\xf1\x14W\x1b\xc1\x8e\x93\xbd\xaa\'-\xf5\x05&amp;\x9e\x8f\xec:\xb3\xc1Wc|o\xab\x15E\xb9\x82\xd9\xbfd\n\xaa\x80P\xe6\xfc\xc9_\x0b\xc5\x18\x97\xd1\xce\xb0\xec2\x16\xefDT\x97\xb7l\xc4\x0c\xae\xc6\xc2T]\xcb\x12\xf0\xb8"^\xf6\x8d\xd4\xc68\x15R&lt;V\x0c\xcd\xeaA%\x93\xea\x1b\xdb\xc0\x89\xf9\xd5\xc9\x1b\xc2\xb2\xe4\xad\xe8\xd8\xab\xd6!\xcc\x8b&gt;\xa8\xe2:\xf20yi\x06\x0c\xcf\xee6\xb0\xa2k\x8aP\xf8\x92\x93H\xfe\x94t(\xbc&amp;fmRd\xb7\x0ev\xc1\x9d\xf7w\xd4\x8b\xe1\x89\xbe\xed\xb1\t\xe0\xdc\xbf\x96\xd2\xd4^\xa7&lt;\xdfgkJ\xd9D^X\x13;qS\x11\x97c t\xcc\xc5Zf^\xa9\xad\xff\xe6N{5\x0fS\xa3\xe1f.p\xaf"\xef\x9b\x1ep\xbb\xc8\xad\x02\xe1\xf5$B\x0e\xdfT"\xf9\xec\xfcX\xe28\xa3\xc5\x87\x84J\x0e&gt;\xf1\xce\xd3_f\xc2\xba\xc4L\x9a\x8ei\xa3=i\xfd\xca\x98&amp;\x05\x98\xefUCR\xb7\xb1S\\\xef\x9d2K\x15\xdb[\x05\xb0\x8c\xbe&amp;T0\r;\x8f\x92\xc2f\xd9\xeeZ$\x90\xb7\xa7\xa4/+\x95l\xbc@\xff\x10\xad\x8e\rr\x7f\xa9R[\n&gt;-no\x85"]Kt,TV\x90\x95\x07\xb2\x11P\xcc\x9f9\xa4\xcf!Z\x13[{\xa9\x1c\xcf\xd4\xaa\xbd\x04yKs\xb8hk\xe8\xc1\x1f\x8e\xa9L\xba\xf4\xef\t\x11\xc3D\xa2\xcd\x18\xf9\xd9m\xb6J7\xa7l\xbc\xcf\x08\xeb\xabQ\x8c\xc8\xf6d\x12i\xabU\x84\xe9\xc1\x01sL\xad\x923\x13i\xc9x\xd6\xdd:\xa0\xa4\x18\x90\xae\xfaZ\x9fMS\x89ah\x04\xfc\x98\x13\x0c\xa2\x9f\xfe\xacG\xf5\x03\xdeX\x86\xbd\xb1\x1f\x93\n\xdd\x94*\x19\xe0\xbd/\x04\x08\xd8L\x17\xbf\xf1\x8b\xd2u\x85\x17\xf6\xee\xee&lt;\xc2n$\xd7\xc1\xc2\x0c\xdbc\x12\xd7\x94g\xc2`\xaeg\xda\xbe/\x11\xa4\xb3\xae\xd0.\x1cq\xb5\xf9\x1c\xb0\x14\xdb\xc7E\xd2F\x16.\xcfq\xe4D\x10*\x8c\xbd\xf7\xbe\x08\xe8\xce\xb9\xbaa$\xe6\x8ak h\xcf\xdc\x83\xa0#\xb8\xd3I\x9b\xe0\xb7Y7\x90\x7f\xc9&amp;\'J\xa9\xf25*D\x15\xc9l"\x9c\x06\x12\x1e\x81\x84O\xf3V\xb8&amp;\xb6dV\x92\xa6.\xec\xfa\x08R\xcd\xf3.O\x02!027\xb0y\xd3JVS_D\xecgL\xb4\x9dC\x97J[E&lt;$\xd6F\x86\xfaF8\x88\xe0:n`\x92\x87\xd1m\x9f\xd1\xbe\x01\xda\xe8\x9a\xbd/X&lt;\xca\xc1\xa8\xa8\x9b\xe9\xf5\x18\xb6\xc8\x1b\xc7\xb7h\x93\xb8\x1a&gt;\x8b\x19\x98\xec\x05\xeb9\xe75b\xca\xd4h\r\x91\x9f\\\xa0\xacu\x16T\xe8\xa1~\xbc\xf1v\xba2(Q\xce\xf5\x11\x85\x80\xf5\x94\xb5\xeb\xe1\x08a%\x8c~\xa7\x00\xc9\xd5\xdabe\xb5\xaa\x9e\xbcw?I\xc3L%\xe0\x06\x99Py\xb7l\x8e\xa1\x87\xcf\xdb\x0b&lt;}\xb5*\x80\xe8\xb5\x99\x0e\x90U\xe9\xf6eK\xb6Y9\xadT\n\x9d\x97\x8d\r\x12H\xf2\x0e\xc1Y\xecT\xc6\xcf|m\xa8_\xe7NI\x8b\xcf\x85\x86\xfbO\'\xff\x95\xd0#L\x94eDY\x03\xab\xc3\xa5\x93^9\xd5^\x1e\xc6:\xd3\x18\xdd9^\xe2Qo\xe1\xa5\x1c\xfd_\x87\xa1jm\xaa+\xb7\xb6\x0b\x01\xe3\x03=\x1a}\xf4\x99\xc9;\xcf\xdc\n\xf6*j\xad\xc5\xd7\x8a[f\x8eS\xec\x03\x06\xcd4\xaag\xbb\xffV\xab\xed\xf9\x9eo\xea\x0f\x14\xcf\xbc\x07\x91\xc5\xd64c\x8a\t\x7f\xc8Y\xeb\xcdLe\x7f;\xbb}l\xce\xbe\x1a\xe7 Q\xb7\x8b\'\x16V\xece5\xd3\xac\xb3\x1d\xcf\xb6\x84\xf9\x92\x01\xa1\x0b\xd5n\xc0\x9f\xa4j\xbbQ\xd4\xb2\xa8\x96\xf58\x0c;\x14\xb6D\xa22\xb8\xcb\xccIN\xfb\xc7\xa0c[8\xd3"\xfb\x88\xb1\x1a\xd8\xbb\xea\x9eR\x18\xaf%\x87\xb8m\xf7\xdfH\xfb\xf3\x8ck&amp;\xd0\x908\x17\x01\xe7\x93\xbb`\xb0\xa9!\xb3`\xf4Q\x86aI\x9b\x8e\xfaV\xd3A\x82\xa2 \x961,\xc6\xf2\x8a\x8b\xd1\xa5\xa0}4\xe21\x8c=\xbb\xa5\xdfb|\x07$\xb5kWH\x95(!d\x0fy^h\xe2)\xa1\x85av/\xe9K7\xff\x9d\xdbTo]0\xf2\xc5y\x83\x19\xa1\xf3\xe1\x83v%&amp;\xbd\x04\x01Zx\xea\xf1\xf2\x8e[\xa7\x95\xf7\x08\x00=\xc5\xaa\xd0\xc1N\x12\xea\xe11\xc9\xa4\xd0\x83\xc6\xb1\xfed\xc2\xec\x08r\xde\xf2\xb3t\xb4v\xd3\xa6\x97\xe0\xc9\x143ng4\x19\xac&amp;\xea\xc6kh\x12?\xdb?d\xbc1\xd4/=t\xfa\xea}\xb2&amp;B\x0c\xf5\n,C\x1fV\xab\xc5\x83\xa0 s8\xf4U&amp;|\xc3M\'\x10/Gj~\xa9\x0b5\xc6\x0c\xbb\xf0\x9c\xf8f\xe9\x01\x92\x0e\x8c\xe5]\xb5\xd8i2\x88\xc2\xb9\x07!C\x83\x98\xaa\xe5a \xdf\xebI\x018\xc7\xe3\xc5\xf6\x16\xfd\xcf\xbeF\x0b\xf16/\xd5\xe7\x1c&amp;\x8d\x97\xb8By\xb3i\xf2El\xc5\xc6\xd0}\xaaT/\x04Z\xa4-T\x05ih\xe3Xr\xb6\xb0  \x85\xff\x19\'Gn\xf5\xe3v\x97W\xa7."\xda\x9d:mXG\xaf\xc1\xc9w?\xfa\xb8s\x83D\xd8\x17M^\x81\x9a\x91\xf8\xe4\x9f|\xe4g\xa0\xb7\xda\xa8T\x1e;\x0e\x15&amp;\x1e)q\xf8\x0b\x91\x84k#\xbc;\x16\x88\x81.\xb6&amp;@|\x0cC\x9dK\xc9\x18D\xb7uqZP+6\xc2\xcc\xb8|#\x1d$Ai\xf8&lt;\xcdT\xe9.\xd7\xc1\x8f\x18\xb2@\x10\xe2fA\xb2\x82\xdc\x92\x86\x7f+`\xaa\xc1W\xf3\xf2\xcc\xda\xa6\xff\xfc:\x8a\xdc\x82\xeaL\x90n\x16yL\x9d:\xaa\xca \xac\xbd\x03\xe7j\xcc\rc\xe3\xde\xa2\x9b\xec\x9e\xfb\x7f\x1fa\xdc%C\xa3\xf9\xe9h\xfc;\x88\xedk\xaf\xf8\xd86\x83\x84\xe71\x87\x8fr\x04X\xab\xcd\x0b9\xca\x99\x02\xe4\xe0\xe4\x87+\xf9\xcfFV\xd1\x8b\xe7CY\x04\x19N\xc5\x1afp\xd9w^\x1d\xac\xde\x012\x9d\xdd\xa2\xbb}\xba\r\x125\xb6\xd2\x89\xc3k\x9d\xf3\x06u\x1eU#\x15\xf5\xb2\x16\r\x06\x1a\xedB\xa0\xe3zb\x18Uh\xe6\xf5\x18M\xe9W\'\x98\xe6\xc3\xc2\xe6\xe7\xa56\x94\x11\t\xc2iW\x8f\\\xf8x\xd5\xcc\xb6\x91z'... (set the log level to DEBUG or TRACE to see the full content) 
 </msg>
<msg timestamp="20241218 17:37:54.448" level="INFO">POST Response : url=https://graph.baidu.com/upload 
 status=200, reason=OK 
 headers={'Content-Length': '304', 'Content-Type': 'application/json; charset=utf-8', 'Date': 'Wed, 18 Dec 2024 09:37:54 GMT', 'Uri-Md5': 'ee059b0e99d68016658b7ec793451f64'} 
 body={"status":0,"msg":"Success","data":{"url":"https://graph.baidu.com/s?card_key=\u0026entrance=GENERAL\u0026extUiData%5BisLogoShow%5D=1\u0026f=all\u0026isLogoShow=1\u0026session_id=12153352845812902939\u0026sign=126e049780a43eb16c78401734514674\u0026tpl_from=pc","sign":"126e049780a43eb16c78401734514674"}} 
 </msg>
<msg timestamp="20241218 17:37:54.448" level="INFO">d:\pyt\python\python37\lib\site-packages\urllib3\connectionpool.py:1107: InsecureRequestWarning: Unverified HTTPS request is being made to host 'graph.baidu.com'. Adding certificate verification is strongly advised. See: https://urllib3.readthedocs.io/en/latest/advanced-usage.html#tls-warnings
  InsecureRequestWarning,</msg>
<msg timestamp="20241218 17:37:54.448" level="INFO">${resp} = &lt;Response [200]&gt;</msg>
<status status="PASS" starttime="20241218 17:37:53.332" endtime="20241218 17:37:54.448"/>
</kw>
<kw name="Should Be Equal As Strings" library="BuiltIn">
<arg>${resp.status_code}</arg>
<arg>200</arg>
<doc>Fails if objects are unequal after converting them to strings.</doc>
<msg timestamp="20241218 17:37:54.448" level="INFO">Argument types are:
&lt;class 'int'&gt;
&lt;class 'str'&gt;</msg>
<status status="PASS" starttime="20241218 17:37:54.448" endtime="20241218 17:37:54.448"/>
</kw>
<kw name="Log" library="BuiltIn">
<arg>${resp.json()}</arg>
<doc>Logs the given message with the given level.</doc>
<msg timestamp="20241218 17:37:54.448" level="INFO">{'status': 0, 'msg': 'Success', 'data': {'url': 'https://graph.baidu.com/s?card_key=&amp;entrance=GENERAL&amp;extUiData%5BisLogoShow%5D=1&amp;f=all&amp;isLogoShow=1&amp;session_id=12153352845812902939&amp;sign=126e049780a43eb16c78401734514674&amp;tpl_from=pc', 'sign': '126e049780a43eb16c78401734514674'}}</msg>
<status status="PASS" starttime="20241218 17:37:54.448" endtime="20241218 17:37:54.448"/>
</kw>
<kw name="Should Be Equal As Strings" library="BuiltIn">
<arg>${resp.json()["status"]}</arg>
<arg>0</arg>
<doc>Fails if objects are unequal after converting them to strings.</doc>
<msg timestamp="20241218 17:37:54.448" level="INFO">Argument types are:
&lt;class 'int'&gt;
&lt;class 'str'&gt;</msg>
<status status="PASS" starttime="20241218 17:37:54.448" endtime="20241218 17:37:54.448"/>
</kw>
<kw name="Should Be Equal As Strings" library="BuiltIn">
<arg>${resp.json()["msg"]}</arg>
<arg>Success</arg>
<doc>Fails if objects are unequal after converting them to strings.</doc>
<status status="PASS" starttime="20241218 17:37:54.448" endtime="20241218 17:37:54.448"/>
</kw>
<kw name="Log" library="BuiltIn">
<arg>${resp.json()["data"]["url"]}</arg>
<doc>Logs the given message with the given level.</doc>
<msg timestamp="20241218 17:37:54.448" level="INFO">https://graph.baidu.com/s?card_key=&amp;entrance=GENERAL&amp;extUiData%5BisLogoShow%5D=1&amp;f=all&amp;isLogoShow=1&amp;session_id=12153352845812902939&amp;sign=126e049780a43eb16c78401734514674&amp;tpl_from=pc</msg>
<status status="PASS" starttime="20241218 17:37:54.448" endtime="20241218 17:37:54.448"/>
</kw>
<kw name="Should Contain" library="BuiltIn">
<arg>${resp.json()["data"]["url"]}</arg>
<arg>https://graph.baidu.com</arg>
<doc>Fails if ``container`` does not contain ``item`` one or more times.</doc>
<status status="PASS" starttime="20241218 17:37:54.448" endtime="20241218 17:37:54.448"/>
</kw>
<status status="PASS" starttime="20241218 17:37:53.317" endtime="20241218 17:37:54.448"/>
</test>
<status status="PASS" starttime="20241218 17:37:53.238" endtime="20241218 17:37:54.448"/>
</suite>
<statistics>
<total>
<stat pass="1" fail="0" skip="0">All Tests</stat>
</total>
<tag>
</tag>
<suite>
<stat pass="1" fail="0" skip="0" id="s1" name="Baidu Post">Baidu Post</stat>
</suite>
</statistics>
<errors>
</errors>
</robot>
