<?xml version="1.0" encoding="UTF-8"?>
<robot generator="Robot 5.0 (Python 3.7.8 on win32)" generated="20241208 20:55:56.363" rpa="false" schemaversion="3">
<suite id="s1" name="Test" source="D:\PycharmProjects\HelloWorld\test\test.robot">
<test id="s1-t1" name="Test Case 1" line="5">
<kw name="Log" library="BuiltIn">
<arg>Hello, world!</arg>
<doc>Logs the given message with the given level.</doc>
<msg timestamp="20241208 20:55:56.379" level="INFO">Hello, world!</msg>
<status status="PASS" starttime="20241208 20:55:56.379" endtime="20241208 20:55:56.379"/>
</kw>
<kw name="Should Be Equal" library="BuiltIn">
<arg>${1+1}</arg>
<arg>${2}</arg>
<doc>Fails if the given objects are unequal.</doc>
<status status="PASS" starttime="20241208 20:55:56.379" endtime="20241208 20:55:56.379"/>
</kw>
<doc>test if (1+1)(int) == 2(int)</doc>
<status status="PASS" starttime="20241208 20:55:56.379" endtime="20241208 20:55:56.379"/>
</test>
<test id="s1-t2" name="Test Case 2" line="10">
<kw name="Log" library="BuiltIn">
<arg>Hello, world!</arg>
<doc>Logs the given message with the given level.</doc>
<msg timestamp="20241208 20:55:56.379" level="INFO">Hello, world!</msg>
<status status="PASS" starttime="20241208 20:55:56.379" endtime="20241208 20:55:56.379"/>
</kw>
<kw name="Should Not Be Equal" library="BuiltIn">
<arg>${1+1}</arg>
<arg>2</arg>
<doc>Fails if the given objects are equal.</doc>
<msg timestamp="20241208 20:55:56.379" level="INFO">Argument types are:
&lt;class 'int'&gt;
&lt;class 'str'&gt;</msg>
<status status="PASS" starttime="20241208 20:55:56.379" endtime="20241208 20:55:56.379"/>
</kw>
<doc>test if (1+1)(int) == 2(string)</doc>
<status status="PASS" starttime="20241208 20:55:56.379" endtime="20241208 20:55:56.379"/>
</test>
<doc>test if int == string</doc>
<status status="PASS" starttime="20241208 20:55:56.363" endtime="20241208 20:55:56.379"/>
</suite>
<statistics>
<total>
<stat pass="2" fail="0" skip="0">All Tests</stat>
</total>
<tag>
</tag>
<suite>
<stat pass="2" fail="0" skip="0" id="s1" name="Test">Test</stat>
</suite>
</statistics>
<errors>
</errors>
</robot>
