<?xml version="1.0" encoding="UTF-8"?>
<robot generator="Robot 5.0 (Python 3.7.8 on win32)" generated="20241216 12:06:08.738" rpa="false" schemaversion="3">
<suite id="s1" name="Baidu Lgin Api" source="D:\PycharmProjects\LoginBaidu\baidu_lgin_api.robot">
<test id="s1-t1" name="Baidu Login" line="11">
<kw name="Create Session" library="RequestsLibrary">
<arg>mysession</arg>
<arg>${host}</arg>
<doc>Create Session: create a HTTP session to a server</doc>
<msg timestamp="20241216 12:06:08.811" level="INFO">Creating Session using : alias=mysession, url=https://passport.baidu.com, headers={},                     cookies={}, auth=None, timeout=None, proxies=None, verify=False,                     debug=0 </msg>
<status status="PASS" starttime="20241216 12:06:08.811" endtime="20241216 12:06:08.811"/>
</kw>
<kw name="Create Dictionary" library="BuiltIn">
<var>${headers}</var>
<arg>Content-Type=application/x-www-form-urlencoded</arg>
<doc>Creates and returns a dictionary based on the given ``items``.</doc>
<msg timestamp="20241216 12:06:08.811" level="INFO">${headers} = {'Content-Type': 'application/x-www-form-urlencoded'}</msg>
<status status="PASS" starttime="20241216 12:06:08.811" endtime="20241216 12:06:08.811"/>
</kw>
<kw name="Create Dictionary" library="BuiltIn">
<var>${data}</var>
<arg>staticpage=https%3A%2F%2Fpan.baidu.com%2Fres%2Fstatic%2Fthirdparty%2Fpass_v3_jump.html</arg>
<arg>charset=UTF-8</arg>
<arg>token=833b2153ca99f4506df4b3c090c26af1</arg>
<arg>tpl=netdisk</arg>
<arg>subpro=netdisk_web</arg>
<arg>apiver=v3</arg>
<arg>tt=1733920638059</arg>
<arg>codestring=</arg>
<arg>safeflg=0</arg>
<arg>u=https%3A%2F%2Fpan.baidu.com%2Fdisk%2Fmain%3Fredirecturl%3Dhttps%253A%252F%252Fpan.baidu.com%252Fdisk%252Fmain%253F_at_%253D1733916432679%2523%252Findex%26_at_%3D1733918334414%23%2Findex</arg>
<arg>isPhone=</arg>
<arg>detect=1</arg>
<arg>gid=360F337-CA96-419B-9AB6-462D53CF020E</arg>
<arg>quick_user=0</arg>
<arg>logintype=dialogLogin</arg>
<arg>logLoginType=pc_loginDialog</arg>
<arg>idc=</arg>
<arg>loginmerge=true</arg>
<arg>mkey=</arg>
<arg>splogin=rate</arg>
<arg>username=15297801028</arg>
<arg>password=EsNEJb84MQleJ%2BOoio64m4dG1xP4TCW%2FI27mSQRiWYBdcK9ABHfIVxVFiuQDtRxqrda0Tuw%2BIfOGachgn4HXU8pNyeyp1LYaJzIpWsohAN0lYPVfdZEANZUOW%2BUGMT9vrBkMADTOSPn0nWLcMtyP2lLGXpBdyygOzmGadAZqj7k%3D</arg>
<arg>mem_pass=on</arg>
<arg>isagree=on</arg>
<arg>rsakey=VyAp1dyyFEolR48MKqNFJPbkj6MzKISg</arg>
<arg>crypttype=12</arg>
<arg>ppui_logintime=159809</arg>
<arg>countrycode=</arg>
<arg>fp_uid=</arg>
<arg>fp_info=</arg>
<arg>loginversion=v5</arg>
<arg>supportdv=1</arg>
<arg>bdint_sync_cookie=</arg>
<arg>ds=lbf4zoenQj2DfPTSwuFmPwkO0pD8KOmzTIiJ2AaVTiH3OBSFinTD6zrGD7KD81mk0vhue38L9eN1sHkzfIfbCj3x8w6imlwK1LGFcaQhDIx2UPuW%2FLE4UgvT4pWj2rvc4d48gR9KsmSM1vwA8a%2BFSJ022TPT4B9fqzsUKyQMBIxrENvZvTluWP5rBLT%2BiDrHwGHznW6o5Pb5Te3t55C9Z0E8pD4KDjbqljF6zVUuYD0iu%2FbT%2B2uuBnkWw4f0X116DsQmH4EKlCmI%2FvXyuJUk1IS%2FV1jI2IvdMYuyU%2BvwzqV0zEuM8dChUloqQcApb37LQD1J5hSM2u7AKWLwwh%2F4JpXHTtl8%2BlX229IeF2ZcbqlvdzHxpYMWihd6eZnCGaP0sIza1fPNXBWhBDF8ljMB5UlQVqTRkCnUXc%2Bxe6UlZP7CzF3o4J%2Bfk8Rh88ULHNFpOTLYOVQ3yaXYk9IaTwtffxV5t%2FJ%2Bl%2BD1m%2FU4yqR4tUqfY%2FIkS2UOjPTXWLovnFZaBVniPDwEs2X3dMLvX3LwyMOh8tR5XOkljP2kQ%2FCNSnXpQ4o8NI80JHLMI08dSGkm%2BYkmDFsMzCrv6sINO1axG2KhBgtJer1FrzW3v6MGnx7NV6jYPD9HGO2URzvmy%2FoEzuCSZqVLiGKqQYhG%2FA%2BNjH5uP3ZTX5BDIWBcgKSY%2F92chAkQWP5JmcmK4fT4fJtH2Pj71ScJ5u8SKHtQlHXLjFc9JoApY66v%2BkEiCCoMh6NgM3MHtwje%2B1PQADtLlotJt0hk1i0DGgma6CTovCXltgxaWqPtYhBsQzQzQ6aviJSEtapTtvJkbz2MHZyaKYuOFsB714Q1CGLHkQ3GKbBvf%2FDrzNHUy6o3Pn5hEbm6ZOePddbeTrxSb0NdXDN0OPtyEqWdeG6Am2x8ap6VaybXlxGr2PYl%2FLimhDXP%2F0oo4roO%2FCxe19SE8eJW5RW4rOgN3x6dZpgdoLLk%2FJ%2BC4LvrzYDNY1cogWatx%2Br0VdFp%2FiMtdQLIoDBL%2BpnJH1asHJATtNgZWDp1nTPEarRP7Py6APfNrDMmuydabBAftkxU%2Flb7hcPNcsCChNwZt%2BMHfYRDjwhZN72R7FKDy9gz5BNmecWMKMPLUctQAapekHCVaM9fRD58HIAlWyZmzk2escwtdHx%2FmFGDJdMaEM0uFisQaoLJ8xL2fy6X8xHTjxQ0y2c736U6a5Qy4%2Bbts6BcFnEVveJcjahQGSo1BQlK4CJQB6RjsAS%2B6YsaJDz8Mp8sGPeK%2Bj3LA7xPO7ZFHLgP4Uw%2BWeaBbEi0JIS9AhE1Dkp4B6mTcsawFqIW3PgWpBJ9%2F3DTInMMoZy4x545CbmInxPfj6d8rYbbW6ttsDZQaOuiTliDlNNH2ujji92k%2FQnzQt0%3D</arg>
<arg>tk=9215aNMR2HQKdz%2B53H1VYCdCkjSFN8poGkFOrpQczFGOhheJjPCiWd5N6cIGQBvuHR8pGm6OlUGoKmc0hRhU5mRdtZpH8yO7neTBdP2N7MnVLBvaB1pYmUuk7s9WSJ12OZ8U</arg>
<arg>dv=tk0.6499865864905091733920478497%40rrs0cI5kCf9mMtAt-6tC05IgwAtghR9n0RI%7EpiHI47oLgW8ksi5iAy9cjg9Xjj80FhnCQEAtgRIghnt0ZM9pwRQI5WBC-1KLtf9n9%7E53qlRktj8kqfps07Fg4hnpwRt05AIisMIgwgBlpXnU0bHEjM9iBy7kHZ5nBf9mMtAt-6tC05IgwAtghR9n0RI%7EpiHI47oLgW8ksi7nqz96jg5Ejj80FhnCQEAtgRIghnt0ZM9pwRQI5WBC-1KLtf9n9-93BMRq__Ys0ZY539-8ksy5Pjg9koi86j%7E53Bf9nBl8ko-9ioX86jg9ntf9iqz8kBj7nu-80FhnCQEAtgRIghnt0ZM9pwRQI5WBC-1KLpZ5kBj8ktj5Pj%7E93A-5PMtAt-6tC05IgwAtghR9n0RI%7E5goUgaQ6jg93uf9iB%7E8kBz93u-80FhnCQEAtgRIghnt0ZM9pwRBv0iB%7EQYBUFZIttD-tuNKoLchusM9EMkD64YKLtfoLyTQL-eKUw%7EKPhlHI4iDLwdGspQvfj83oz7nCy53ty53A-9ktj7ns%7E9i9-93qz5iTz7nB_gsKDmMgKUFWHUWdHLA_EsT9mjb5nuf7nuz8ktz5kTf9nti5Pj-53qf9nti5Pj-7kof7nsy</arg>
<arg>fuid=FOCoIC3q5fKa8fgJnwzbE67EJ49BGJeplOzf%2B4l4EOsgA3km%2F7mieS5OWtjjPv0Tl3Nlhu3Url0RbXxAWtqkbWF7e7ZlgnHadyyuWCY%2FuMxlhySjgWcwFfWfIqud05MkOpFu6mymyRJff9LTSrWHKTRv7LsroVl4YX%2FBReUyYf6p84mfaqx2MMpvaMnLIuFMVEIXIyF%2BiGMB5QPhvvSDyf9M13v7KVHDQkHFzclTu0yUhm2OzYYUd2x2cjDyktA4mtZ3FsEBV0nrNyAawAiBqBCJlpyOgRJpfbAAM90sYhG1w7BqERLTc49er2o8P2ZiczztHTYFTdmT%2BzelWL799jW%2FaLCPXd1oz71pYnkYkJC79JRsXmNXkBTLP%2BMGIiApU5toMIeBYlkfdmtMZgeaLtckH3PfLajwqrF6nlcEKy65%2Fd212C84l%2FGgZ%2FhGu%2BTqjre%2BoSDsCJJfApJ4YeVS7uZn0yF2uxbNJYXLisdCIKKe81cgRbanCPgFcg1I0Ws8lfGhhhQwG%2B7tJdevcQB9AwUxvv4kVbE0agDQk2K%2FqEJvSCRemQSkhKLq1UeH6GxCJ%2BMAIYbPQxssj0AC629A2Yui9ATwOutSQ49JZmSIHAhS%2FGidIZLaWCI1kHGAr81p3o%2Fex%2B%2FK9iHJc3DGbpLMf46NrWXpzL26g%2FvLjjogtrUIsQ5pXWMOQaiSw2FG2fsHVU%2Bi83VNFTTiouuYQK4MYwFVHi%2BWHLwOplDX8tQRD2aszVdNKEy7xjrPuZyMgTHRJGGkxaEyjww1bXQjv2tiIRmqPhwW3AN0n9RlprqIAy0VG0WJ3n0W5BIoMav%2BVilOPbjN%2BgQFvWWHvRdFTB5o%2BSFDzWAt7PKPWQGPHBaOhgr34kilDqdVbEvi8vfiLqZ%2FMviEtdwYDCb9uUYJqPaqqWE3Vx2LmFST32AXyILi7s8tjU7njQZuHHo0zQARoYDKYYK0wLZJRQSI4A%2BsxaWZt%2Bl21BxBKH2Oh4nQnn%2FTfuvHy71CJpEhxwXGCIHuEt4E4AUZAz08LV42LYM5lu%2BJtHw1NjGWsaQWWRfGLq36HGHJg3XMRSnqCBUJlagKAFPt2HF0LdsSk4WWcldb97Ar584nVGbSjPXEUVH0VgbUEm%2BdADzPoLP%2BNPMYOyhwgfADiqWaXyKT4UNESYXsPBkdGk6mLCaNSEQsDN1G2677Se3qjzDcyXBnEmHEFptRbmyJzKJ73veHPqfFYtsHO9jH0XnhYk8zKdRuqQ7dnuNIDwxm3UCPo22uFI0ZcgPvQm013qNuYC5cBHgQZWyv4MIy38pMuhT3p2yYLf70CvUwIkw%3D</arg>
<arg>s=zVCCpNFS3Oxu4G3LcOmb%2FDphtAH7yG0AuiHh%2BJvPESLjloGHhGucBD4ZAsZd%2Flzj%2FYgdpGukmqE%2BCn5tXMEdeAzVCnWu22lk8R43At9OBtoQBMYT%2BrfQnZAXRP%2FIqkyEcVncfL8nvzJRqXP6GAmKUd0TzUxKY4UNf7lpf5bjsX6b4wroBbApSKxCOSG6YKKnnZIfPCqDd6tMk8X4XrSz1WLDb4gWSfvoiLka3bR%2F84qKCSv1pjQ1Qv08SHZoeX0WuXpgG%2FLGzFTu4YFztDLdJVnpxttpE2RYgShaPZ3xn8DbIZmtk%2FphEJgyz%2FcW4TwYxxM%2FlJD2Xds1DMmjSDyY7FIv6pewBgKiaRjoiS62VV6QGB%2BFX6A2QHu4pgE1v%2B7sHOKtfD%2FdB931wiogmhzFdVNRHp222T%2BPBitd1mIyDfSjPuy1%2BVYelyENkdYOrTly7GXS%2FzEj8J%2FGXUNIetsUqXPeQMS0h7xwCyySi3HRKlKsASMSHFgMSnLZoZ1Ik%2BVD8W1uxaQHoK7QCds%2BUxjf0YiAttcHF6K0LHnIphLErOUvbPlgPRs2jaThZXRoECsoEu2KVbuL7kkSfnLbU0CSw6Mzy%2Fw6DVmggdyfzbceAH7msjxuOaISZa%2B1OoSCNc9HscwoCKM14hwHV4AfF1Uz5DmhUp9rMsIS50Hhme5536O%2FFmOh59pfem8gMR67X2PT2Cko4NnZ9tB8REsovtaj4zGGtwjR7nW%2FNH1uZAWmNR2kT3OftPU%2B4kqBFLWmvroggLlYjgGLpL%2FAhKjkIQ21fyIPatuYQaSzI%2BZ59WMUwtiK2HwjDNqmhVKuSdElzQ3x%2FazI8eoUmLLsdPQe9nVAQ0shg4JlCtpJhVGg53HZRqlSdcFniHMDNj9GnLNRInPAQnXoaHW3xlAlwr%2FkgRvu%2FDBq0OQigRCPjZY%2B6s7pfMlT402GBt%2FWWM9eplD%2BLc%2BO6urxn59QTzlBcJ7HEFPFMb7Q8TlgiZTpJameIVxXyhy%2BSeEaGNlvs31A6WfAZ166</arg>
<arg>k=8298gkkq%2FZc13HHksT6oyfwrPQBskNG3wQxzNqHixuqbPjiRjZYi0ZGEJPQifY44gei05drF8fWq360PcQnvEDI8e%2BXAh1N%2BEaIPcvrVVWR5F97Q31qDU25qOykDR%2BoS%2F5H4rBMzfnkx%2FEuLLIiaA7qgnFzIXkkneuvMNL6QHeJW71s%3D</arg>
<arg>traceid=5EB9E501</arg>
<arg>callback=parent.bd__pcbs__iuta5i</arg>
<arg>time=1733920638</arg>
<arg>alg=v3</arg>
<arg>sig=VFh3MTFrTExuSkFsWDB1Qmg5dlZzL2toMkxTdm80SlhoWFVZSlhJSktqL21xUFhzQ1ZQcVlrZUZpUzl5L2M5dQ%3D%3D</arg>
<arg>elapsed=2</arg>
<arg>shaOne=004c435c1ac862b4004adb477df940453c15d5a6</arg>
<arg>rinfo=%7B%22fuid%22%3A%22e88829a8c59561403cc564850287e41f%22%7D</arg>
<doc>Creates and returns a dictionary based on the given ``items``.</doc>
<msg timestamp="20241216 12:06:08.811" level="INFO">${data} = {'staticpage': 'https%3A%2F%2Fpan.baidu.com%2Fres%2Fstatic%2Fthirdparty%2Fpass_v3_jump.html', 'charset': 'UTF-8', 'token': '833b2153ca99f4506df4b3c090c26af1', 'tpl': 'netdisk', 'subpro': 'netdisk_web'...</msg>
<status status="PASS" starttime="20241216 12:06:08.811" endtime="20241216 12:06:08.811"/>
</kw>
<kw name="POST On Session" library="RequestsLibrary">
<var>${resp}</var>
<arg>mysession</arg>
<arg>${path}</arg>
<arg>data=${data}</arg>
<arg>headers=${headers}</arg>
<doc>Sends a POST request on a previously created HTTP Session.</doc>
<msg timestamp="20241216 12:06:09.019" level="INFO">POST Request : url=https://passport.baidu.com/v2/api/?login 
 path_url=/v2/api/?login 
 headers={'User-Agent': 'python-requests/2.31.0', 'Accept-Encoding': 'gzip, deflate', 'Accept': '*/*', 'Connection': 'keep-alive', 'Content-Type': 'application/x-www-form-urlencoded', 'Content-Length': '6595'} 
 body=staticpage=https%253A%252F%252Fpan.baidu.com%252Fres%252Fstatic%252Fthirdparty%252Fpass_v3_jump.html&amp;charset=UTF-8&amp;token=833b2153ca99f4506df4b3c090c26af1&amp;tpl=netdisk&amp;subpro=netdisk_web&amp;apiver=v3&amp;tt=1733920638059&amp;codestring=&amp;safeflg=0&amp;u=https%253A%252F%252Fpan.baidu.com%252Fdisk%252Fmain%253Fredirecturl%253Dhttps%25253A%25252F%25252Fpan.baidu.com%25252Fdisk%25252Fmain%25253F_at_%25253D1733916432679%252523%25252Findex%2526_at_%253D1733918334414%2523%252Findex&amp;isPhone=&amp;detect=1&amp;gid=360F337-CA96-419B-9AB6-462D53CF020E&amp;quick_user=0&amp;logintype=dialogLogin&amp;logLoginType=pc_loginDialog&amp;idc=&amp;loginmerge=true&amp;mkey=&amp;splogin=rate&amp;username=15297801028&amp;password=EsNEJb84MQleJ%252BOoio64m4dG1xP4TCW%252FI27mSQRiWYBdcK9ABHfIVxVFiuQDtRxqrda0Tuw%252BIfOGachgn4HXU8pNyeyp1LYaJzIpWsohAN0lYPVfdZEANZUOW%252BUGMT9vrBkMADTOSPn0nWLcMtyP2lLGXpBdyygOzmGadAZqj7k%253D&amp;mem_pass=on&amp;isagree=on&amp;rsakey=VyAp1dyyFEolR48MKqNFJPbkj6MzKISg&amp;crypttype=12&amp;ppui_logintime=159809&amp;countrycode=&amp;fp_uid=&amp;fp_info=&amp;loginversion=v5&amp;supportdv=1&amp;bdint_sync_cookie=&amp;ds=lbf4zoenQj2DfPTSwuFmPwkO0pD8KOmzTIiJ2AaVTiH3OBSFinTD6zrGD7KD81mk0vhue38L9eN1sHkzfIfbCj3x8w6imlwK1LGFcaQhDIx2UPuW%252FLE4UgvT4pWj2rvc4d48gR9KsmSM1vwA8a%252BFSJ022TPT4B9fqzsUKyQMBIxrENvZvTluWP5rBLT%252BiDrHwGHznW6o5Pb5Te3t55C9Z0E8pD4KDjbqljF6zVUuYD0iu%252FbT%252B2uuBnkWw4f0X116DsQmH4EKlCmI%252FvXyuJUk1IS%252FV1jI2IvdMYuyU%252BvwzqV0zEuM8dChUloqQcApb37LQD1J5hSM2u7AKWLwwh%252F4JpXHTtl8%252BlX229IeF2ZcbqlvdzHxpYMWihd6eZnCGaP0sIza1fPNXBWhBDF8ljMB5UlQVqTRkCnUXc%252Bxe6UlZP7CzF3o4J%252Bfk8Rh88ULHNFpOTLYOVQ3yaXYk9IaTwtffxV5t%252FJ%252Bl%252BD1m%252FU4yqR4tUqfY%252FIkS2UOjPTXWLovnFZaBVniPDwEs2X3dMLvX3LwyMOh8tR5XOkljP2kQ%252FCNSnXpQ4o8NI80JHLMI08dSGkm%252BYkmDFsMzCrv6sINO1axG2KhBgtJer1FrzW3v6MGnx7NV6jYPD9HGO2URzvmy%252FoEzuCSZqVLiGKqQYhG%252FA%252BNjH5uP3ZTX5BDIWBcgKSY%252F92chAkQWP5JmcmK4fT4fJtH2Pj71ScJ5u8SKHtQlHXLjFc9JoApY66v%252BkEiCCoMh6NgM3MHtwje%252B1PQADtLlotJt0hk1i0DGgma6CTovCXltgxaWqPtYhBsQzQzQ6aviJSEtapTtvJkbz2MHZyaKYuOFsB714Q1CGLHkQ3GKbBvf%252FDrzNHUy6o3Pn5hEbm6ZOePddbeTrxSb0NdXDN0OPtyEqWdeG6Am2x8ap6VaybXlxGr2PYl%252FLimhDXP%252F0oo4roO%252FCxe19SE8eJW5RW4rOgN3x6dZpgdoLLk%252FJ%252BC4LvrzYDNY1cogWatx%252Br0VdFp%252FiMtdQLIoDBL%252BpnJH1asHJATtNgZWDp1nTPEarRP7Py6APfNrDMmuydabBAftkxU%252Flb7hcPNcsCChNwZt%252BMHfYRDjwhZN72R7FKDy9gz5BNmecWMKMPLUctQAapekHCVaM9fRD58HIAlWyZmzk2escwtdHx%252FmFGDJdMaEM0uFisQaoLJ8xL2fy6X8xHTjxQ0y2c736U6a5Qy4%252Bbts6BcFnEVveJcjahQGSo1BQlK4CJQB6RjsAS%252B6YsaJDz8Mp8sGPeK%252Bj3LA7xPO7ZFHLgP4Uw%252BWeaBbEi0JIS9AhE1Dkp4B6mTcsawFqIW3PgWpBJ9%252F3DTInMMoZy4x545CbmInxPfj6d8rYbbW6ttsDZQaOuiTliDlNNH2ujji92k%252FQnzQt0%253D&amp;tk=9215aNMR2HQKdz%252B53H1VYCdCkjSFN8poGkFOrpQczFGOhheJjPCiWd5N6cIGQBvuHR8pGm6OlUGoKmc0hRhU5mRdtZpH8yO7neTBdP2N7MnVLBvaB1pYmUuk7s9WSJ12OZ8U&amp;dv=tk0.6499865864905091733920478497%2540rrs0cI5kCf9mMtAt-6tC05IgwAtghR9n0RI%257EpiHI47oLgW8ksi5iAy9cjg9Xjj80FhnCQEAtgRIghnt0ZM9pwRQI5WBC-1KLtf9n9%257E53qlRktj8kqfps07Fg4hnpwRt05AIisMIgwgBlpXnU0bHEjM9iBy7kHZ5nBf9mMtAt-6tC05IgwAtghR9n0RI%257EpiHI47oLgW8ksi7nqz96jg5Ejj80FhnCQEAtgRIghnt0ZM9pwRQI5WBC-1KLtf9n9-93BMRq__Ys0ZY539-8ksy5Pjg9koi86j%257E53Bf9nBl8ko-9ioX86jg9ntf9iqz8kBj7nu-80FhnCQEAtgRIghnt0ZM9pwRQI5WBC-1KLpZ5kBj8ktj5Pj%257E93A-5PMtAt-6tC05IgwAtghR9n0RI%257E5goUgaQ6jg93uf9iB%257E8kBz93u-80FhnCQEAtgRIghnt0ZM9pwRBv0iB%257EQYBUFZIttD-tuNKoLchusM9EMkD64YKLtfoLyTQL-eKUw%257EKPhlHI4iDLwdGspQvfj83oz7nCy53ty53A-9ktj7ns%257E9i9-93qz5iTz7nB_gsKDmMgKUFWHUWdHLA_EsT9mjb5nuf7nuz8ktz5kTf9nti5Pj-53qf9nti5Pj-7kof7nsy&amp;fuid=FOCoIC3q5fKa8fgJnwzbE67EJ49BGJeplOzf%252B4l4EOsgA3km%252F7mieS5OWtjjPv0Tl3Nlhu3Url0RbXxAWtqkbWF7e7ZlgnHadyyuWCY%252FuMxlhySjgWcwFfWfIqud05MkOpFu6mymyRJff9LTSrWHKTRv7LsroVl4YX%252FBReUyYf6p84mfaqx2MMpvaMnLIuFMVEIXIyF%252BiGMB5QPhvvSDyf9M13v7KVHDQkHFzclTu0yUhm2OzYYUd2x2cjDyktA4mtZ3FsEBV0nrNyAawAiBqBCJlpyOgRJpfbAAM90sYhG1w7BqERLTc49er2o8P2ZiczztHTYFTdmT%252BzelWL799jW%252FaLCPXd1oz71pYnkYkJC79JRsXmNXkBTLP%252BMGIiApU5toMIeBYlkfdmtMZgeaLtckH3PfLajwqrF6nlcEKy65%252Fd212C84l%252FGgZ%252FhGu%252BTqjre%252BoSDsCJJfApJ4YeVS7uZn0yF2uxbNJYXLisdCIKKe81cgRbanCPgFcg1I0Ws8lfGhhhQwG%252B7tJdevcQB9AwUxvv4kVbE0agDQk2K%252FqEJvSCRemQSkhKLq1UeH6GxCJ%252BMAIYbPQxssj0AC629A2Yui9ATwOutSQ49JZmSIHAhS%252FGidIZLaWCI1kHGAr81p3o%252Fex%252B%252FK9iHJc3DGbpLMf46NrWXpzL26g%252FvLjjogtrUIsQ5pXWMOQaiSw2FG2fsHVU%252Bi83VNFTTiouuYQK4MYwFVHi%252BWHLwOplDX8tQRD2aszVdNKEy7xjrPuZyMgTHRJGGkxaEyjww1bXQjv2tiIRmqPhwW3AN0n9RlprqIAy0VG0WJ3n0W5BIoMav%252BVilOPbjN%252BgQFvWWHvRdFTB5o%252BSFDzWAt7PKPWQGPHBaOhgr34kilDqdVbEvi8vfiLqZ%252FMviEtdwYDCb9uUYJqPaqqWE3Vx2LmFST32AXyILi7s8tjU7njQZuHHo0zQARoYDKYYK0wLZJRQSI4A%252BsxaWZt%252Bl21BxBKH2Oh4nQnn%252FTfuvHy71CJpEhxwXGCIHuEt4E4AUZAz08LV42LYM5lu%252BJtHw1NjGWsaQWWRfGLq36HGHJg3XMRSnqCBUJlagKAFPt2HF0LdsSk4WWcldb97Ar584nVGbSjPXEUVH0VgbUEm%252BdADzPoLP%252BNPMYOyhwgfADiqWaXyKT4UNESYXsPBkdGk6mLCaNSEQsDN1G2677Se3qjzDcyXBnEmHEFptRbmyJzKJ73veHPqfFYtsHO9jH0XnhYk8zKdRuqQ7dnuNIDwxm3UCPo22uFI0ZcgPvQm013qNuYC5cBHgQZWyv4MIy38pMuhT3p2yYLf70CvUwIkw%253D&amp;s=zVCCpNFS3Oxu4G3LcOmb%252FDphtAH7yG0AuiHh%252BJvPESLjloGHhGucBD4ZAsZd%252Flzj%252FYgdpGukmqE%252BCn5tXMEdeAzVCnWu22lk8R43At9OBtoQBMYT%252BrfQnZAXRP%252FIqkyEcVncfL8nvzJRqXP6GAmKUd0TzUxKY4UNf7lpf5bjsX6b4wroBbApSKxCOSG6YKKnnZIfPCqDd6tMk8X4XrSz1WLDb4gWSfvoiLka3bR%252F84qKCSv1pjQ1Qv08SHZoeX0WuXpgG%252FLGzFTu4YFztDLdJVnpxttpE2RYgShaPZ3xn8DbIZmtk%252FphEJgyz%252FcW4TwYxxM%252FlJD2Xds1DMmjSDyY7FIv6pewBgKiaRjoiS62VV6QGB%252BFX6A2QHu4pgE1v%252B7sHOKtfD%252FdB931wiogmhzFdVNRHp222T%252BPBitd1mIyDfSjPuy1%252BVYelyENkdYOrTly7GXS%252FzEj8J%252FGXUNIetsUqXPeQMS0h7xwCyySi3HRKlKsASMSHFgMSnLZoZ1Ik%252BVD8W1uxaQHoK7QCds%252BUxjf0YiAttcHF6K0LHnIphLErOUvbPlgPRs2jaThZXRoECsoEu2KVbuL7kkSfnLbU0CSw6Mzy%252Fw6DVmggdyfzbceAH7msjxuOaISZa%252B1OoSCNc9HscwoCKM14hwHV4AfF1Uz5DmhUp9rMsIS50Hhme5536O%252FFmOh59pfem8gMR67X2PT2Cko4NnZ9tB8REsovtaj4zGGtwjR7nW%252FNH1uZAWmNR2kT3OftPU%252B4kqBFLWmvroggLlYjgGLpL%252FAhKjkIQ21fyIPatuYQaSzI%252BZ59WMUwtiK2HwjDNqmhVKuSdElzQ3x%252FazI8eoUmLLsdPQe9nVAQ0shg4JlCtpJhVGg53HZRqlSdcFniHMDNj9GnLNRInPAQnXoaHW3xlAlwr%252FkgRvu%252FDBq0OQigRCPjZY%252B6s7pfMlT402GBt%252FWWM9eplD%252BLc%252BO6urxn59QTzlBcJ7HEFPFMb7Q8TlgiZTpJameIVxXyhy%252BSeEaGNlvs31A6WfAZ166&amp;k=8298gkkq%252FZc13HHksT6oyfwrPQBskNG3wQxzNqHixuqbPjiRjZYi0ZGEJPQifY44gei05drF8fWq360PcQnvEDI8e%252BXAh1N%252BEaIPcvrVVWR5F97Q31qDU25qOykDR%252BoS%252F5H4rBMzfnkx%252FEuLLIiaA7qgnFzIXkkneuvMNL6QHeJW71s%253D&amp;traceid=5EB9E501&amp;callback=parent.bd__pcbs__iuta5i&amp;time=1733920638&amp;alg=v3&amp;sig=VFh3MTFrTExuSkFsWDB1Qmg5dlZzL2toMkxTdm80SlhoWFVZSlhJSktqL21xUFhzQ1ZQcVlrZUZpUzl5L2M5dQ%253D%253D&amp;elapsed=2&amp;shaOne=004c435c1ac862b4004adb477df940453c15d5a6&amp;rinfo=%257B%2522fuid%2522%253A%2522e88829a8c59561403cc564850287e41f%2522%257D 
 </msg>
<msg timestamp="20241216 12:06:09.019" level="INFO">POST Response : url=https://passport.baidu.com/v2/api/?login 
 status=200, reason=OK 
 headers={'Access-Control-Expose-Headers': 'Trace-ID', 'Cache-Control': 'public', 'Connection': 'keep-alive', 'Content-Length': '1373', 'Content-Security-Policy-Report-Only': "object-src 'none'; script-src 'self' 'unsafe-inline' 'unsafe-eval' 'report-sample' wappass.baidu.com:* passport.baidu.com:*  wappass.bdimg.com:* passport.bdimg.com:* ppui-static-wap.cdn.bcebos.com:* ppui-static-pc.cdn.bcebos.com:* hm.baidu.com:* fe.bdimg.com:* msg.baidu.com:* pdc.baidu.com:* img.baidu.com:* openapi.baidu.com:* res.wx.qq.com:* qqq.gtimg.cn:* s.bdstatic.com:* ufosdk.baidu.com:* qapm.baidu.com:* libs.baidu.com:* ext.baidu.com:* apps.baidu.com:* s3.pstatp.com:* tb2.bdstatic.com:* b.bdstatic.com:* msg.baidu.com:* www.baidu.com:* po.srf.baidu.com:* pan.baidu.com:* play.baidu.com:* tb1.bdstatic.com:* dup.baidustatic.com:* static.tieba.baidu.com:* gss2.bdstatic.com:* blob: baiduboxapp: bootupbaiduhd: sofire.bdstatic.com:* id6.me:* opencloud.wostore.cn:* nisbj2.10010.com:* nisbj3.10010.com:* verify.cmpassport.com:* www.cmpassport.com:* nisbj1.10010.com:* mbd.baidu.com:* dlswbr.baidu.com:* dmpstatic.cdn.bcebos.com:* cdn.bootcss.com:* safe.cdn.bcebos.com:*; report-uri https://report-uri.baidu.com/report?app=passport;", 'Content-Type': 'text/html', 'Date': 'Mon, 16 Dec 2024 04:06:09 GMT', 'Expires': '0', 'Last-Modified': 'Mon, 16 Dec 2024 04:06:09 4DecGMT', 'P3p': 'CP=" OTI DSP COR IVA OUR IND COM ", CP=" OTI DSP COR IVA OUR IND COM "', 'Pragma': 'public', 'Referrer-Policy': 'no-referrer-when-downgrade, strict-origin-when-cross-origin', 'Server': 'BWS', 'Set-Cookie': 'PASSID=6KUNB7; expires=Sun, 17-Dec-2023 04:06:09 GMT; path=/; domain=passport.baidu.com; httponly, UBI=fi_PncwhpxZ%7ETaJc04a6eeepR1s6Ym-tcPE; expires=Fri, 04-Mar-2033 04:06:09 GMT; path=/; domain=passport.baidu.com; httponly, BAIDUID=CB1ADE3911A669A19BEADF94A90ECCAE:FG=1; expires=Tue, 16-Dec-25 04:06:09 GMT; max-age=31536000; path=/; domain=.baidu.com; version=1', 'Strict-Transport-Security': 'max-age=31536000', 'Trace-Id': '5EB9E501', 'Tracecode': '27388079362701569546121612', 'Vary': 'Accept-Encoding'} 
 body=&lt;!DOCTYPE html&gt;
&lt;html&gt;
&lt;head&gt;
&lt;meta http-equiv="Content-Type" content="text/html; charset=UTF-8"&gt;
&lt;/head&gt;
&lt;body&gt;
&lt;script type="text/javascript" nonce="yizE0KJwj8eJ34Rx"&gt;


	var href = decodeURIComponent("https:\/\/passport.baidu.com\/v2Jump.html")+"?"

var accounts = '&amp;hitWlwFreeTime=&amp;accounts='

href += "err_no=100023&amp;secret_id=&amp;callback=parent.bd__pcbs__iuta5i&amp;codeString=&amp;isslide=&amp;userName=&amp;phoneNumber=&amp;mail=&amp;hao123Param=&amp;u=&amp;tpl=&amp;secstate=&amp;gotourl=&amp;authtoken=&amp;loginproxy=&amp;resetpwd=&amp;vcodetype=&amp;lstr=&amp;ltoken=&amp;bckv=&amp;bcsync=&amp;bcchecksum=&amp;code=&amp;bdToken=&amp;realnameswitch=&amp;switchtobind=1&amp;bindMobileToken=3b51UWkKdPAlz3OBUg64bSjw3DIEpeHJCKi0t7%2BCtxRuH72u40uuof9hxeZb2/3hA2nZHm7FP9bY%2Bz7ZNTSn5TwSly9qY1A/QwxDYUIL0C72dm8sFb7tyINHIZ/iIMgfEGaIjMkCTYa6oOkXk1B4HFFLC9t73FI&amp;setpwdswitch=&amp;bctime=&amp;bdstoken=&amp;authsid=&amp;jumpset=&amp;appealurl=&amp;realnameverifyemail=0&amp;traceid=5EB9E501&amp;realnameauthsid=&amp;bind_mobile_token=3b51UWkKdPAlz3OBUg64bSjw3DIEpeHJCKi0t7%2BCtxRuH72u40uuof9hxeZb2/3hA2nZHm7FP9bY%2Bz7ZNTSn5TwSly9qY1A/QwxDYUIL0C72dm8sFb7tyINHIZ/iIMgfEGaIjMkCTYa6oOkXk1B4HFFLC9t73FI&amp;upgrade_mobile_token=&amp;upgrade_mobile=&amp;guide_upgrade_mobile=&amp;scscene=&amp;scnewuser=&amp;secauthsid=&amp;secbdstoken=&amp;authid=&amp;errno=&amp;sync_id=&amp;access_token=&amp;expires_in=&amp;RefreshToken=" + accounts;
if(window.location){
    window.location.replace(href);
}else{
   document.location.replace(href);
}
&lt;/script&gt;
&lt;/body&gt;
&lt;/html&gt;
 
 </msg>
<msg timestamp="20241216 12:06:09.019" level="INFO">d:\pyt\python\python37\lib\site-packages\urllib3\connectionpool.py:1107: InsecureRequestWarning: Unverified HTTPS request is being made to host 'passport.baidu.com'. Adding certificate verification is strongly advised. See: https://urllib3.readthedocs.io/en/latest/advanced-usage.html#tls-warnings
  InsecureRequestWarning,</msg>
<msg timestamp="20241216 12:06:09.019" level="INFO">${resp} = &lt;Response [200]&gt;</msg>
<status status="PASS" starttime="20241216 12:06:08.811" endtime="20241216 12:06:09.019"/>
</kw>
<kw name="Log" library="BuiltIn">
<arg>${resp.status_code}</arg>
<doc>Logs the given message with the given level.</doc>
<msg timestamp="20241216 12:06:09.019" level="INFO">200</msg>
<status status="PASS" starttime="20241216 12:06:09.019" endtime="20241216 12:06:09.019"/>
</kw>
<kw name="Should Be Equal As Strings" library="BuiltIn">
<arg>${resp.status_code}</arg>
<arg>200</arg>
<doc>Fails if objects are unequal after converting them to strings.</doc>
<msg timestamp="20241216 12:06:09.019" level="INFO">Argument types are:
&lt;class 'int'&gt;
&lt;class 'str'&gt;</msg>
<status status="PASS" starttime="20241216 12:06:09.019" endtime="20241216 12:06:09.019"/>
</kw>
<kw name="Log" library="BuiltIn">
<arg>${resp.text}</arg>
<doc>Logs the given message with the given level.</doc>
<msg timestamp="20241216 12:06:09.019" level="INFO">&lt;!DOCTYPE html&gt;
&lt;html&gt;
&lt;head&gt;
&lt;meta http-equiv="Content-Type" content="text/html; charset=UTF-8"&gt;
&lt;/head&gt;
&lt;body&gt;
&lt;script type="text/javascript" nonce="yizE0KJwj8eJ34Rx"&gt;


	var href = decodeURIComponent("https:\/\/passport.baidu.com\/v2Jump.html")+"?"

var accounts = '&amp;hitWlwFreeTime=&amp;accounts='

href += "err_no=100023&amp;secret_id=&amp;callback=parent.bd__pcbs__iuta5i&amp;codeString=&amp;isslide=&amp;userName=&amp;phoneNumber=&amp;mail=&amp;hao123Param=&amp;u=&amp;tpl=&amp;secstate=&amp;gotourl=&amp;authtoken=&amp;loginproxy=&amp;resetpwd=&amp;vcodetype=&amp;lstr=&amp;ltoken=&amp;bckv=&amp;bcsync=&amp;bcchecksum=&amp;code=&amp;bdToken=&amp;realnameswitch=&amp;switchtobind=1&amp;bindMobileToken=3b51UWkKdPAlz3OBUg64bSjw3DIEpeHJCKi0t7%2BCtxRuH72u40uuof9hxeZb2/3hA2nZHm7FP9bY%2Bz7ZNTSn5TwSly9qY1A/QwxDYUIL0C72dm8sFb7tyINHIZ/iIMgfEGaIjMkCTYa6oOkXk1B4HFFLC9t73FI&amp;setpwdswitch=&amp;bctime=&amp;bdstoken=&amp;authsid=&amp;jumpset=&amp;appealurl=&amp;realnameverifyemail=0&amp;traceid=5EB9E501&amp;realnameauthsid=&amp;bind_mobile_token=3b51UWkKdPAlz3OBUg64bSjw3DIEpeHJCKi0t7%2BCtxRuH72u40uuof9hxeZb2/3hA2nZHm7FP9bY%2Bz7ZNTSn5TwSly9qY1A/QwxDYUIL0C72dm8sFb7tyINHIZ/iIMgfEGaIjMkCTYa6oOkXk1B4HFFLC9t73FI&amp;upgrade_mobile_token=&amp;upgrade_mobile=&amp;guide_upgrade_mobile=&amp;scscene=&amp;scnewuser=&amp;secauthsid=&amp;secbdstoken=&amp;authid=&amp;errno=&amp;sync_id=&amp;access_token=&amp;expires_in=&amp;RefreshToken=" + accounts;
if(window.location){
    window.location.replace(href);
}else{
   document.location.replace(href);
}
&lt;/script&gt;
&lt;/body&gt;
&lt;/html&gt;
</msg>
<status status="PASS" starttime="20241216 12:06:09.019" endtime="20241216 12:06:09.019"/>
</kw>
<kw name="Log" library="BuiltIn">
<arg>${resp.content}</arg>
<doc>Logs the given message with the given level.</doc>
<msg timestamp="20241216 12:06:09.019" level="INFO">&lt;!DOCTYPE html&gt;
&lt;html&gt;
&lt;head&gt;
&lt;meta http-equiv="Content-Type" content="text/html; charset=UTF-8"&gt;
&lt;/head&gt;
&lt;body&gt;
&lt;script type="text/javascript" nonce="yizE0KJwj8eJ34Rx"&gt;


	var href = decodeURIComponent("https:\/\/passport.baidu.com\/v2Jump.html")+"?"

var accounts = '&amp;hitWlwFreeTime=&amp;accounts='

href += "err_no=100023&amp;secret_id=&amp;callback=parent.bd__pcbs__iuta5i&amp;codeString=&amp;isslide=&amp;userName=&amp;phoneNumber=&amp;mail=&amp;hao123Param=&amp;u=&amp;tpl=&amp;secstate=&amp;gotourl=&amp;authtoken=&amp;loginproxy=&amp;resetpwd=&amp;vcodetype=&amp;lstr=&amp;ltoken=&amp;bckv=&amp;bcsync=&amp;bcchecksum=&amp;code=&amp;bdToken=&amp;realnameswitch=&amp;switchtobind=1&amp;bindMobileToken=3b51UWkKdPAlz3OBUg64bSjw3DIEpeHJCKi0t7%2BCtxRuH72u40uuof9hxeZb2/3hA2nZHm7FP9bY%2Bz7ZNTSn5TwSly9qY1A/QwxDYUIL0C72dm8sFb7tyINHIZ/iIMgfEGaIjMkCTYa6oOkXk1B4HFFLC9t73FI&amp;setpwdswitch=&amp;bctime=&amp;bdstoken=&amp;authsid=&amp;jumpset=&amp;appealurl=&amp;realnameverifyemail=0&amp;traceid=5EB9E501&amp;realnameauthsid=&amp;bind_mobile_token=3b51UWkKdPAlz3OBUg64bSjw3DIEpeHJCKi0t7%2BCtxRuH72u40uuof9hxeZb2/3hA2nZHm7FP9bY%2Bz7ZNTSn5TwSly9qY1A/QwxDYUIL0C72dm8sFb7tyINHIZ/iIMgfEGaIjMkCTYa6oOkXk1B4HFFLC9t73FI&amp;upgrade_mobile_token=&amp;upgrade_mobile=&amp;guide_upgrade_mobile=&amp;scscene=&amp;scnewuser=&amp;secauthsid=&amp;secbdstoken=&amp;authid=&amp;errno=&amp;sync_id=&amp;access_token=&amp;expires_in=&amp;RefreshToken=" + accounts;
if(window.location){
    window.location.replace(href);
}else{
   document.location.replace(href);
}
&lt;/script&gt;
&lt;/body&gt;
&lt;/html&gt;
</msg>
<status status="PASS" starttime="20241216 12:06:09.019" endtime="20241216 12:06:09.019"/>
</kw>
<kw name="Should Contain" library="BuiltIn">
<arg>${resp.text}</arg>
<arg>https:\\/\\/passport.baidu.com\\/v2Jump.html</arg>
<doc>Fails if ``container`` does not contain ``item`` one or more times.</doc>
<status status="PASS" starttime="20241216 12:06:09.019" endtime="20241216 12:06:09.019"/>
</kw>
<status status="PASS" starttime="20241216 12:06:08.811" endtime="20241216 12:06:09.019"/>
</test>
<status status="PASS" starttime="20241216 12:06:08.738" endtime="20241216 12:06:09.019"/>
</suite>
<statistics>
<total>
<stat pass="1" fail="0" skip="0">All Tests</stat>
</total>
<tag>
</tag>
<suite>
<stat pass="1" fail="0" skip="0" id="s1" name="Baidu Lgin Api">Baidu Lgin Api</stat>
</suite>
</statistics>
<errors>
</errors>
</robot>
